This is pdfTeX, Version 3.14159265-2.6-1.40.16 (TeX Live 2015) (preloaded format=pdflatex 2016.2.6)  26 APR 2020 14:22
entering extended mode
 restricted \write18 enabled.
 %&-line parsing enabled.
**main2.tex
(./main2.tex
LaTeX2e <2015/01/01>
Babel <3.9l> and hyphenation patterns for 79 languages loaded.
(/usr/local/texlive/2015/texmf-dist/tex/latex/base/book.cls
Document Class: book 2014/09/29 v1.4h Standard LaTeX document class
(/usr/local/texlive/2015/texmf-dist/tex/latex/base/bk11.clo
File: bk11.clo 2014/09/29 v1.4h Standard LaTeX file (size option)
)
\c@part=\count79
\c@chapter=\count80
\c@section=\count81
\c@subsection=\count82
\c@subsubsection=\count83
\c@paragraph=\count84
\c@subparagraph=\count85
\c@figure=\count86
\c@table=\count87
\abovecaptionskip=\skip41
\belowcaptionskip=\skip42
\bibindent=\dimen102
)
(/usr/local/texlive/2015/texmf-dist/tex/latex/base/inputenc.sty
Package: inputenc 2015/03/17 v1.2c Input encoding file
\inpenc@prehook=\toks14
\inpenc@posthook=\toks15

(/usr/local/texlive/2015/texmf-dist/tex/latex/base/utf8.def
File: utf8.def 2014/09/29 v1.1m UTF-8 support for inputenc
Now handling font encoding OML ...
... no UTF-8 mapping file for font encoding OML
Now handling font encoding T1 ...
... processing UTF-8 mapping file for font encoding T1

(/usr/local/texlive/2015/texmf-dist/tex/latex/base/t1enc.dfu
File: t1enc.dfu 2014/09/29 v1.1m UTF-8 support for inputenc
   defining Unicode char U+00A1 (decimal 161)
   defining Unicode char U+00A3 (decimal 163)
   defining Unicode char U+00AB (decimal 171)
   defining Unicode char U+00BB (decimal 187)
   defining Unicode char U+00BF (decimal 191)
   defining Unicode char U+00C0 (decimal 192)
   defining Unicode char U+00C1 (decimal 193)
   defining Unicode char U+00C2 (decimal 194)
   defining Unicode char U+00C3 (decimal 195)
   defining Unicode char U+00C4 (decimal 196)
   defining Unicode char U+00C5 (decimal 197)
   defining Unicode char U+00C6 (decimal 198)
   defining Unicode char U+00C7 (decimal 199)
   defining Unicode char U+00C8 (decimal 200)
   defining Unicode char U+00C9 (decimal 201)
   defining Unicode char U+00CA (decimal 202)
   defining Unicode char U+00CB (decimal 203)
   defining Unicode char U+00CC (decimal 204)
   defining Unicode char U+00CD (decimal 205)
   defining Unicode char U+00CE (decimal 206)
   defining Unicode char U+00CF (decimal 207)
   defining Unicode char U+00D0 (decimal 208)
   defining Unicode char U+00D1 (decimal 209)
   defining Unicode char U+00D2 (decimal 210)
   defining Unicode char U+00D3 (decimal 211)
   defining Unicode char U+00D4 (decimal 212)
   defining Unicode char U+00D5 (decimal 213)
   defining Unicode char U+00D6 (decimal 214)
   defining Unicode char U+00D8 (decimal 216)
   defining Unicode char U+00D9 (decimal 217)
   defining Unicode char U+00DA (decimal 218)
   defining Unicode char U+00DB (decimal 219)
   defining Unicode char U+00DC (decimal 220)
   defining Unicode char U+00DD (decimal 221)
   defining Unicode char U+00DE (decimal 222)
   defining Unicode char U+00DF (decimal 223)
   defining Unicode char U+00E0 (decimal 224)
   defining Unicode char U+00E1 (decimal 225)
   defining Unicode char U+00E2 (decimal 226)
   defining Unicode char U+00E3 (decimal 227)
   defining Unicode char U+00E4 (decimal 228)
   defining Unicode char U+00E5 (decimal 229)
   defining Unicode char U+00E6 (decimal 230)
   defining Unicode char U+00E7 (decimal 231)
   defining Unicode char U+00E8 (decimal 232)
   defining Unicode char U+00E9 (decimal 233)
   defining Unicode char U+00EA (decimal 234)
   defining Unicode char U+00EB (decimal 235)
   defining Unicode char U+00EC (decimal 236)
   defining Unicode char U+00ED (decimal 237)
   defining Unicode char U+00EE (decimal 238)
   defining Unicode char U+00EF (decimal 239)
   defining Unicode char U+00F0 (decimal 240)
   defining Unicode char U+00F1 (decimal 241)
   defining Unicode char U+00F2 (decimal 242)
   defining Unicode char U+00F3 (decimal 243)
   defining Unicode char U+00F4 (decimal 244)
   defining Unicode char U+00F5 (decimal 245)
   defining Unicode char U+00F6 (decimal 246)
   defining Unicode char U+00F8 (decimal 248)
   defining Unicode char U+00F9 (decimal 249)
   defining Unicode char U+00FA (decimal 250)
   defining Unicode char U+00FB (decimal 251)
   defining Unicode char U+00FC (decimal 252)
   defining Unicode char U+00FD (decimal 253)
   defining Unicode char U+00FE (decimal 254)
   defining Unicode char U+00FF (decimal 255)
   defining Unicode char U+0102 (decimal 258)
   defining Unicode char U+0103 (decimal 259)
   defining Unicode char U+0104 (decimal 260)
   defining Unicode char U+0105 (decimal 261)
   defining Unicode char U+0106 (decimal 262)
   defining Unicode char U+0107 (decimal 263)
   defining Unicode char U+010C (decimal 268)
   defining Unicode char U+010D (decimal 269)
   defining Unicode char U+010E (decimal 270)
   defining Unicode char U+010F (decimal 271)
   defining Unicode char U+0110 (decimal 272)
   defining Unicode char U+0111 (decimal 273)
   defining Unicode char U+0118 (decimal 280)
   defining Unicode char U+0119 (decimal 281)
   defining Unicode char U+011A (decimal 282)
   defining Unicode char U+011B (decimal 283)
   defining Unicode char U+011E (decimal 286)
   defining Unicode char U+011F (decimal 287)
   defining Unicode char U+0130 (decimal 304)
   defining Unicode char U+0131 (decimal 305)
   defining Unicode char U+0132 (decimal 306)
   defining Unicode char U+0133 (decimal 307)
   defining Unicode char U+0139 (decimal 313)
   defining Unicode char U+013A (decimal 314)
   defining Unicode char U+013D (decimal 317)
   defining Unicode char U+013E (decimal 318)
   defining Unicode char U+0141 (decimal 321)
   defining Unicode char U+0142 (decimal 322)
   defining Unicode char U+0143 (decimal 323)
   defining Unicode char U+0144 (decimal 324)
   defining Unicode char U+0147 (decimal 327)
   defining Unicode char U+0148 (decimal 328)
   defining Unicode char U+014A (decimal 330)
   defining Unicode char U+014B (decimal 331)
   defining Unicode char U+0150 (decimal 336)
   defining Unicode char U+0151 (decimal 337)
   defining Unicode char U+0152 (decimal 338)
   defining Unicode char U+0153 (decimal 339)
   defining Unicode char U+0154 (decimal 340)
   defining Unicode char U+0155 (decimal 341)
   defining Unicode char U+0158 (decimal 344)
   defining Unicode char U+0159 (decimal 345)
   defining Unicode char U+015A (decimal 346)
   defining Unicode char U+015B (decimal 347)
   defining Unicode char U+015E (decimal 350)
   defining Unicode char U+015F (decimal 351)
   defining Unicode char U+0160 (decimal 352)
   defining Unicode char U+0161 (decimal 353)
   defining Unicode char U+0162 (decimal 354)
   defining Unicode char U+0163 (decimal 355)
   defining Unicode char U+0164 (decimal 356)
   defining Unicode char U+0165 (decimal 357)
   defining Unicode char U+016E (decimal 366)
   defining Unicode char U+016F (decimal 367)
   defining Unicode char U+0170 (decimal 368)
   defining Unicode char U+0171 (decimal 369)
   defining Unicode char U+0178 (decimal 376)
   defining Unicode char U+0179 (decimal 377)
   defining Unicode char U+017A (decimal 378)
   defining Unicode char U+017B (decimal 379)
   defining Unicode char U+017C (decimal 380)
   defining Unicode char U+017D (decimal 381)
   defining Unicode char U+017E (decimal 382)
   defining Unicode char U+200C (decimal 8204)
   defining Unicode char U+2013 (decimal 8211)
   defining Unicode char U+2014 (decimal 8212)
   defining Unicode char U+2018 (decimal 8216)
   defining Unicode char U+2019 (decimal 8217)
   defining Unicode char U+201A (decimal 8218)
   defining Unicode char U+201C (decimal 8220)
   defining Unicode char U+201D (decimal 8221)
   defining Unicode char U+201E (decimal 8222)
   defining Unicode char U+2030 (decimal 8240)
   defining Unicode char U+2031 (decimal 8241)
   defining Unicode char U+2039 (decimal 8249)
   defining Unicode char U+203A (decimal 8250)
   defining Unicode char U+2423 (decimal 9251)
)
Now handling font encoding OT1 ...
... processing UTF-8 mapping file for font encoding OT1

(/usr/local/texlive/2015/texmf-dist/tex/latex/base/ot1enc.dfu
File: ot1enc.dfu 2014/09/29 v1.1m UTF-8 support for inputenc
   defining Unicode char U+00A1 (decimal 161)
   defining Unicode char U+00A3 (decimal 163)
   defining Unicode char U+00B8 (decimal 184)
   defining Unicode char U+00BF (decimal 191)
   defining Unicode char U+00C5 (decimal 197)
   defining Unicode char U+00C6 (decimal 198)
   defining Unicode char U+00D8 (decimal 216)
   defining Unicode char U+00DF (decimal 223)
   defining Unicode char U+00E6 (decimal 230)
   defining Unicode char U+00EC (decimal 236)
   defining Unicode char U+00ED (decimal 237)
   defining Unicode char U+00EE (decimal 238)
   defining Unicode char U+00EF (decimal 239)
   defining Unicode char U+00F8 (decimal 248)
   defining Unicode char U+0131 (decimal 305)
   defining Unicode char U+0141 (decimal 321)
   defining Unicode char U+0142 (decimal 322)
   defining Unicode char U+0152 (decimal 338)
   defining Unicode char U+0153 (decimal 339)
   defining Unicode char U+2013 (decimal 8211)
   defining Unicode char U+2014 (decimal 8212)
   defining Unicode char U+2018 (decimal 8216)
   defining Unicode char U+2019 (decimal 8217)
   defining Unicode char U+201C (decimal 8220)
   defining Unicode char U+201D (decimal 8221)
)
Now handling font encoding OMS ...
... processing UTF-8 mapping file for font encoding OMS

(/usr/local/texlive/2015/texmf-dist/tex/latex/base/omsenc.dfu
File: omsenc.dfu 2014/09/29 v1.1m UTF-8 support for inputenc
   defining Unicode char U+00A7 (decimal 167)
   defining Unicode char U+00B6 (decimal 182)
   defining Unicode char U+00B7 (decimal 183)
   defining Unicode char U+2020 (decimal 8224)
   defining Unicode char U+2021 (decimal 8225)
   defining Unicode char U+2022 (decimal 8226)
)
Now handling font encoding OMX ...
... no UTF-8 mapping file for font encoding OMX
Now handling font encoding U ...
... no UTF-8 mapping file for font encoding U
   defining Unicode char U+00A9 (decimal 169)
   defining Unicode char U+00AA (decimal 170)
   defining Unicode char U+00AE (decimal 174)
   defining Unicode char U+00BA (decimal 186)
   defining Unicode char U+02C6 (decimal 710)
   defining Unicode char U+02DC (decimal 732)
   defining Unicode char U+200C (decimal 8204)
   defining Unicode char U+2026 (decimal 8230)
   defining Unicode char U+2122 (decimal 8482)
   defining Unicode char U+2423 (decimal 9251)
))
(/usr/local/texlive/2015/texmf-dist/tex/latex/geometry/geometry.sty
Package: geometry 2010/09/12 v5.6 Page Geometry

(/usr/local/texlive/2015/texmf-dist/tex/latex/graphics/keyval.sty
Package: keyval 2014/10/28 v1.15 key=value parser (DPC)
\KV@toks@=\toks16
)
(/usr/local/texlive/2015/texmf-dist/tex/generic/oberdiek/ifpdf.sty
Package: ifpdf 2011/01/30 v2.3 Provides the ifpdf switch (HO)
Package ifpdf Info: pdfTeX in PDF mode is detected.
)
(/usr/local/texlive/2015/texmf-dist/tex/generic/oberdiek/ifvtex.sty
Package: ifvtex 2010/03/01 v1.5 Detect VTeX and its facilities (HO)
Package ifvtex Info: VTeX not detected.
)
(/usr/local/texlive/2015/texmf-dist/tex/generic/ifxetex/ifxetex.sty
Package: ifxetex 2010/09/12 v0.6 Provides ifxetex conditional
)
\Gm@cnth=\count88
\Gm@cntv=\count89
\c@Gm@tempcnt=\count90
\Gm@bindingoffset=\dimen103
\Gm@wd@mp=\dimen104
\Gm@odd@mp=\dimen105
\Gm@even@mp=\dimen106
\Gm@layoutwidth=\dimen107
\Gm@layoutheight=\dimen108
\Gm@layouthoffset=\dimen109
\Gm@layoutvoffset=\dimen110
\Gm@dimlist=\toks17
)
(/usr/local/texlive/2015/texmf-dist/tex/latex/subfiles/subfiles.sty
Package: subfiles 2012/05/23 Federico Garcia

(/usr/local/texlive/2015/texmf-dist/tex/latex/tools/verbatim.sty
Package: verbatim 2014/10/28 v1.5q LaTeX2e package for verbatim enhancements
\every@verbatim=\toks18
\verbatim@line=\toks19
\verbatim@in@stream=\read1
))
(/usr/local/texlive/2015/texmf-dist/tex/latex/multirow/multirow.sty
\bigstrutjot=\dimen111
)
(/usr/local/texlive/2015/texmf-dist/tex/latex/makecell/makecell.sty
Package: makecell 2009/08/03 V0.1e Managing of Tab Column Heads and Cells

(/usr/local/texlive/2015/texmf-dist/tex/latex/tools/array.sty
Package: array 2014/10/28 v2.4c Tabular extension package (FMi)
\col@sep=\dimen112
\extrarowheight=\dimen113
\NC@list=\toks20
\extratabsurround=\skip43
\backup@length=\skip44
)
\rotheadsize=\dimen114
\c@nlinenum=\count91
\TeXr@lab=\toks21
)
(/usr/local/texlive/2015/texmf-dist/tex/latex/tools/longtable.sty
Package: longtable 2014/10/28 v4.11 Multi-page Table package (DPC)
\LTleft=\skip45
\LTright=\skip46
\LTpre=\skip47
\LTpost=\skip48
\LTchunksize=\count92
\LTcapwidth=\dimen115
\LT@head=\box26
\LT@firsthead=\box27
\LT@foot=\box28
\LT@lastfoot=\box29
\LT@cols=\count93
\LT@rows=\count94
\c@LT@tables=\count95
\c@LT@chunks=\count96
\LT@p@ftn=\toks22
)
(/usr/local/texlive/2015/texmf-dist/tex/latex/tabu/tabu.sty
Package: tabu 2011/02/26 v2.8 - flexible LaTeX tabulars (FC)

(/usr/local/texlive/2015/texmf-dist/tex/latex/varwidth/varwidth.sty
Package: varwidth 2009/03/30 ver 0.92;  Variable-width minipages
\@vwid@box=\box30
\sift@deathcycles=\count97
\@vwid@loff=\dimen116
\@vwid@roff=\dimen117
)
\c@taburow=\count98
\tabu@nbcols=\count99
\tabu@cnt=\count100
\tabu@Xcol=\count101
\tabu@alloc=\count102
\tabu@nested=\count103
\tabu@target=\dimen118
\tabu@spreadtarget=\dimen119
\tabu@naturalX=\dimen120
\tabucolX=\dimen121
\tabu@Xsum=\dimen122
\extrarowdepth=\dimen123
\abovetabulinesep=\dimen124
\belowtabulinesep=\dimen125
\tabustrutrule=\dimen126
\tabu@thebody=\toks23
\tabu@footnotes=\toks24
\tabu@box=\box31
\tabu@arstrutbox=\box32
\tabu@hleads=\box33
\tabu@vleads=\box34
\tabu@cellskip=\skip49
)
(/usr/local/texlive/2015/texmf-dist/tex/latex/booktabs/booktabs.sty
Package: booktabs 2005/04/14 v1.61803 publication quality tables
\heavyrulewidth=\dimen127
\lightrulewidth=\dimen128
\cmidrulewidth=\dimen129
\belowrulesep=\dimen130
\belowbottomsep=\dimen131
\aboverulesep=\dimen132
\abovetopsep=\dimen133
\cmidrulesep=\dimen134
\cmidrulekern=\dimen135
\defaultaddspace=\dimen136
\@cmidla=\count104
\@cmidlb=\count105
\@aboverulesep=\dimen137
\@belowrulesep=\dimen138
\@thisruleclass=\count106
\@lastruleclass=\count107
\@thisrulewidth=\dimen139
)
(/usr/local/texlive/2015/texmf-dist/tex/latex/graphics/graphicx.sty
Package: graphicx 2014/10/28 v1.0g Enhanced LaTeX Graphics (DPC,SPQR)

(/usr/local/texlive/2015/texmf-dist/tex/latex/graphics/graphics.sty
Package: graphics 2014/10/28 v1.0p Standard LaTeX Graphics (DPC,SPQR)

(/usr/local/texlive/2015/texmf-dist/tex/latex/graphics/trig.sty
Package: trig 1999/03/16 v1.09 sin cos tan (DPC)
)
(/usr/local/texlive/2015/texmf-dist/tex/latex/latexconfig/graphics.cfg
File: graphics.cfg 2010/04/23 v1.9 graphics configuration of TeX Live
)
Package graphics Info: Driver file: pdftex.def on input line 94.

(/usr/local/texlive/2015/texmf-dist/tex/latex/pdftex-def/pdftex.def
File: pdftex.def 2011/05/27 v0.06d Graphics/color for pdfTeX

(/usr/local/texlive/2015/texmf-dist/tex/generic/oberdiek/infwarerr.sty
Package: infwarerr 2010/04/08 v1.3 Providing info/warning/error messages (HO)
)
(/usr/local/texlive/2015/texmf-dist/tex/generic/oberdiek/ltxcmds.sty
Package: ltxcmds 2011/11/09 v1.22 LaTeX kernel commands for general use (HO)
)
\Gread@gobject=\count108
))
\Gin@req@height=\dimen140
\Gin@req@width=\dimen141
)
(/usr/local/texlive/2015/texmf-dist/tex/latex/caption/caption.sty
Package: caption 2013/05/02 v3.3-89 Customizing captions (AR)

(/usr/local/texlive/2015/texmf-dist/tex/latex/caption/caption3.sty
Package: caption3 2013/05/02 v1.6-88 caption3 kernel (AR)
Package caption3 Info: TeX engine: e-TeX on input line 57.
\captionmargin=\dimen142
\captionmargin@=\dimen143
\captionwidth=\dimen144
\caption@tempdima=\dimen145
\caption@indent=\dimen146
\caption@parindent=\dimen147
\caption@hangindent=\dimen148
)
\c@ContinuedFloat=\count109
Package caption Info: longtable package is loaded.

(/usr/local/texlive/2015/texmf-dist/tex/latex/caption/ltcaption.sty
Package: ltcaption 2013/02/03 v1.3-62 longtable captions (AR)
))
(/usr/local/texlive/2015/texmf-dist/tex/latex/caption/subcaption.sty
Package: subcaption 2013/02/03 v1.1-62 Sub-captions (AR)
\c@subfigure=\count110
\c@subtable=\count111
)
(/usr/local/texlive/2015/texmf-dist/tex/latex/amsmath/amsmath.sty
Package: amsmath 2013/01/14 v2.14 AMS math features
\@mathmargin=\skip50

For additional information on amsmath, use the `?' option.
(/usr/local/texlive/2015/texmf-dist/tex/latex/amsmath/amstext.sty
Package: amstext 2000/06/29 v2.01

(/usr/local/texlive/2015/texmf-dist/tex/latex/amsmath/amsgen.sty
File: amsgen.sty 1999/11/30 v2.0
\@emptytoks=\toks25
\ex@=\dimen149
))
(/usr/local/texlive/2015/texmf-dist/tex/latex/amsmath/amsbsy.sty
Package: amsbsy 1999/11/29 v1.2d
\pmbraise@=\dimen150
)
(/usr/local/texlive/2015/texmf-dist/tex/latex/amsmath/amsopn.sty
Package: amsopn 1999/12/14 v2.01 operator names
)
\inf@bad=\count112
LaTeX Info: Redefining \frac on input line 210.
\uproot@=\count113
\leftroot@=\count114
LaTeX Info: Redefining \overline on input line 306.
\classnum@=\count115
\DOTSCASE@=\count116
LaTeX Info: Redefining \ldots on input line 378.
LaTeX Info: Redefining \dots on input line 381.
LaTeX Info: Redefining \cdots on input line 466.
\Mathstrutbox@=\box35
\strutbox@=\box36
\big@size=\dimen151
LaTeX Font Info:    Redeclaring font encoding OML on input line 566.
LaTeX Font Info:    Redeclaring font encoding OMS on input line 567.
\macc@depth=\count117
\c@MaxMatrixCols=\count118
\dotsspace@=\muskip10
\c@parentequation=\count119
\dspbrk@lvl=\count120
\tag@help=\toks26
\row@=\count121
\column@=\count122
\maxfields@=\count123
\andhelp@=\toks27
\eqnshift@=\dimen152
\alignsep@=\dimen153
\tagshift@=\dimen154
\tagwidth@=\dimen155
\totwidth@=\dimen156
\lineht@=\dimen157
\@envbody=\toks28
\multlinegap=\skip51
\multlinetaggap=\skip52
\mathdisplay@stack=\toks29
LaTeX Info: Redefining \[ on input line 2665.
LaTeX Info: Redefining \] on input line 2666.
)
(/usr/local/texlive/2015/texmf-dist/tex/latex/xcolor/xcolor.sty
Package: xcolor 2007/01/21 v2.11 LaTeX color extensions (UK)

(/usr/local/texlive/2015/texmf-dist/tex/latex/latexconfig/color.cfg
File: color.cfg 2007/01/18 v1.5 color configuration of teTeX/TeXLive
)
Package xcolor Info: Driver file: pdftex.def on input line 225.
Package xcolor Info: Model `cmy' substituted by `cmy0' on input line 1337.
Package xcolor Info: Model `hsb' substituted by `rgb' on input line 1341.
Package xcolor Info: Model `RGB' extended on input line 1353.
Package xcolor Info: Model `HTML' substituted by `rgb' on input line 1355.
Package xcolor Info: Model `Hsb' substituted by `hsb' on input line 1356.
Package xcolor Info: Model `tHsb' substituted by `hsb' on input line 1357.
Package xcolor Info: Model `HSB' substituted by `hsb' on input line 1358.
Package xcolor Info: Model `Gray' substituted by `gray' on input line 1359.
Package xcolor Info: Model `wave' substituted by `hsb' on input line 1360.
)
(/usr/local/texlive/2015/texmf-dist/tex/latex/comment/comment.sty
\CommentStream=\write3

Excluding comment 'comment')
(/usr/local/texlive/2015/texmf-dist/tex/latex/fancyhdr/fancyhdr.sty
\fancy@headwidth=\skip53
\f@ncyO@elh=\skip54
\f@ncyO@erh=\skip55
\f@ncyO@olh=\skip56
\f@ncyO@orh=\skip57
\f@ncyO@elf=\skip58
\f@ncyO@erf=\skip59
\f@ncyO@olf=\skip60
\f@ncyO@orf=\skip61
)
(/usr/local/texlive/2015/texmf-dist/tex/latex/listings/listings.sty
\lst@mode=\count124
\lst@gtempboxa=\box37
\lst@token=\toks30
\lst@length=\count125
\lst@currlwidth=\dimen158
\lst@column=\count126
\lst@pos=\count127
\lst@lostspace=\dimen159
\lst@width=\dimen160
\lst@newlines=\count128
\lst@lineno=\count129
\lst@maxwidth=\dimen161

(/usr/local/texlive/2015/texmf-dist/tex/latex/listings/lstmisc.sty
File: lstmisc.sty 2014/09/06 1.5e (Carsten Heinz)
\c@lstnumber=\count130
\lst@skipnumbers=\count131
\lst@framebox=\box38
)
(/usr/local/texlive/2015/texmf-dist/tex/latex/listings/listings.cfg
File: listings.cfg 2014/09/06 1.5e listings configuration
))
Package: listings 2014/09/06 1.5e (Carsten Heinz)


! Package Listings Error: Couldn't load requested style.

See the Listings package documentation for explanation.
Type  H <return>  for immediate help.
 ...                                              
                                                  
l.41 \lstset{escapechar=@,style=customc}
                                        
The following styles weren't loadable:
    ,customc$
This may cause errors in the sequel.


! Package Listings Error: style customc undefined.

See the Listings package documentation for explanation.
Type  H <return>  for immediate help.
 ...                                              
                                                  
l.41 \lstset{escapechar=@,style=customc}
                                        
The style is not loadable. Try typing  <return>  to proceed.
If that doesn't work, type  X <return>  to quit.

(./main2.aux)
\openout1 = `main2.aux'.

LaTeX Font Info:    Checking defaults for OML/cmm/m/it on input line 48.
LaTeX Font Info:    ... okay on input line 48.
LaTeX Font Info:    Checking defaults for T1/cmr/m/n on input line 48.
LaTeX Font Info:    ... okay on input line 48.
LaTeX Font Info:    Checking defaults for OT1/cmr/m/n on input line 48.
LaTeX Font Info:    ... okay on input line 48.
LaTeX Font Info:    Checking defaults for OMS/cmsy/m/n on input line 48.
LaTeX Font Info:    ... okay on input line 48.
LaTeX Font Info:    Checking defaults for OMX/cmex/m/n on input line 48.
LaTeX Font Info:    ... okay on input line 48.
LaTeX Font Info:    Checking defaults for U/cmr/m/n on input line 48.
LaTeX Font Info:    ... okay on input line 48.

*geometry* driver: auto-detecting
*geometry* detected driver: pdftex
*geometry* verbose mode - [ preamble ] result:
* driver: pdftex
* paper: a4paper
* layout: <same size as paper>
* layoutoffset:(h,v)=(0.0pt,0.0pt)
* modes: twoside 
* h-part:(L,W,R)=(57.81621pt, 481.87546pt, 57.81621pt)
* v-part:(T,H,B)=(57.81621pt, 729.41443pt, 57.81621pt)
* \paperwidth=597.50787pt
* \paperheight=845.04684pt
* \textwidth=481.87546pt
* \textheight=729.41443pt
* \oddsidemargin=-14.45378pt
* \evensidemargin=-14.45378pt
* \topmargin=-46.32758pt
* \headheight=12.0pt
* \headsep=19.8738pt
* \topskip=11.0pt
* \footskip=27.46295pt
* \marginparwidth=106.0pt
* \marginparsep=7.0pt
* \columnsep=10.0pt
* \skip\footins=10.0pt plus 4.0pt minus 2.0pt
* \hoffset=0.0pt
* \voffset=0.0pt
* \mag=1000
* \@twocolumnfalse
* \@twosidetrue
* \@mparswitchtrue
* \@reversemarginfalse
* (1in=72.27pt=25.4mm, 1cm=28.453pt)

(/usr/local/texlive/2015/texmf-dist/tex/context/base/supp-pdf.mkii
[Loading MPS to PDF converter (version 2006.09.02).]
\scratchcounter=\count132
\scratchdimen=\dimen162
\scratchbox=\box39
\nofMPsegments=\count133
\nofMParguments=\count134
\everyMPshowfont=\toks31
\MPscratchCnt=\count135
\MPscratchDim=\dimen163
\MPnumerator=\count136
\makeMPintoPDFobject=\count137
\everyMPtoPDFconversion=\toks32
) (/usr/local/texlive/2015/texmf-dist/tex/generic/oberdiek/pdftexcmds.sty
Package: pdftexcmds 2011/11/29 v0.20 Utility functions of pdfTeX for LuaTeX (HO
)

(/usr/local/texlive/2015/texmf-dist/tex/generic/oberdiek/ifluatex.sty
Package: ifluatex 2010/03/01 v1.3 Provides the ifluatex switch (HO)
Package ifluatex Info: LuaTeX not detected.
)
Package pdftexcmds Info: LuaTeX not detected.
Package pdftexcmds Info: \pdf@primitive is available.
Package pdftexcmds Info: \pdf@ifprimitive is available.
Package pdftexcmds Info: \pdfdraftmode found.
)
(/usr/local/texlive/2015/texmf-dist/tex/latex/oberdiek/epstopdf-base.sty
Package: epstopdf-base 2010/02/09 v2.5 Base part for package epstopdf

(/usr/local/texlive/2015/texmf-dist/tex/latex/oberdiek/grfext.sty
Package: grfext 2010/08/19 v1.1 Manage graphics extensions (HO)

(/usr/local/texlive/2015/texmf-dist/tex/generic/oberdiek/kvdefinekeys.sty
Package: kvdefinekeys 2011/04/07 v1.3 Define keys (HO)
))
(/usr/local/texlive/2015/texmf-dist/tex/latex/oberdiek/kvoptions.sty
Package: kvoptions 2011/06/30 v3.11 Key value format for package options (HO)

(/usr/local/texlive/2015/texmf-dist/tex/generic/oberdiek/kvsetkeys.sty
Package: kvsetkeys 2012/04/25 v1.16 Key value parser (HO)

(/usr/local/texlive/2015/texmf-dist/tex/generic/oberdiek/etexcmds.sty
Package: etexcmds 2011/02/16 v1.5 Avoid name clashes with e-TeX commands (HO)
Package etexcmds Info: Could not find \expanded.
(etexcmds)             That can mean that you are not using pdfTeX 1.50 or
(etexcmds)             that some package has redefined \expanded.
(etexcmds)             In the latter case, load this package earlier.
)))
Package grfext Info: Graphics extension search list:
(grfext)             [.png,.pdf,.jpg,.mps,.jpeg,.jbig2,.jb2,.PNG,.PDF,.JPG,.JPE
G,.JBIG2,.JB2,.eps]
(grfext)             \AppendGraphicsExtensions on input line 452.

(/usr/local/texlive/2015/texmf-dist/tex/latex/latexconfig/epstopdf-sys.cfg
File: epstopdf-sys.cfg 2010/07/13 v1.3 Configuration of (r)epstopdf for TeX Liv
e
))
Package caption Info: Begin \AtBeginDocument code.
Package caption Info: listings package is loaded.
Package caption Info: End \AtBeginDocument code.
\c@lstlisting=\count138

[1


{/usr/local/texlive/2015/texmf-var/fonts/map/pdftex/updmap/pdftex.map}]

Package Fancyhdr Warning: \headheight is too small (12.0pt): 
 Make it at least 13.59999pt.
 We now make it that large for the rest of the document.
 This may cause the page layout to be inconsistent, however.

[2

] (./main2.toc)
\tf@toc=\write4
\openout4 = `main2.toc'.

 [3] [4

]
Chapter 1.

Underfull \hbox (badness 10000) in paragraph at lines 57--58

 []

[5]
Underfull \hbox (badness 10000) in paragraph at lines 78--80

 []

[6]
Underfull \hbox (badness 10000) in paragraph at lines 104--106

 []


<Theory/Bragg-peak-and-Spread-Out-Bragg-Peak-SOBP-for-a-proton-beam-in-comparis
on-with-photon.jpg, id=33, 144.54pt x 159.2349pt>
File: Theory/Bragg-peak-and-Spread-Out-Bragg-Peak-SOBP-for-a-proton-beam-in-com
parison-with-photon.jpg Graphic file (type jpg)

<use Theory/Bragg-peak-and-Spread-Out-Bragg-Peak-SOBP-for-a-proton-beam-in-comp
arison-with-photon.jpg>
Package pdftex.def Info: Theory/Bragg-peak-and-Spread-Out-Bragg-Peak-SOBP-for-a
-proton-beam-in-comparison-with-photon.jpg used on input line 111.
(pdftex.def)             Requested size: 289.1282pt x 318.53944pt.

Runaway argument?
{ A way to work around this is to rotate the beam around the patient \ETC.
! Paragraph ended before \@textcolor was complete.
<to be read again> 
                   \par 
l.121 
      
I suspect you've forgotten a `}', causing me to apply this
control sequence to too much text. How can we recover?
My plan is to forget the whole thing and hope for the best.

! Too many }'s.
l.123 ... frequent enough, and energy is too low?}
                                                  
You've closed more groups than you opened.
Such booboos are generally harmless, so keep going.


Underfull \hbox (badness 10000) in paragraph at lines 129--131

 []

[7]
Underfull \hbox (badness 10000) in paragraph at lines 139--142

 []


Underfull \hbox (badness 10000) in paragraph at lines 146--147

 []

[8 <./Theory/Bragg-peak-and-Spread-Out-Bragg-Peak-SOBP-for-a-proton-beam-in-com
parison-with-photon.jpg>]
<Theory/cell_dimension.png, id=41, 316.18124pt x 213.79875pt>
File: Theory/cell_dimension.png Graphic file (type png)

<use Theory/cell_dimension.png>
Package pdftex.def Info: Theory/cell_dimension.png used on input line 177.
(pdftex.def)             Requested size: 316.18047pt x 213.79822pt.

! Missing $ inserted.
<inserted text> 
                $
l.185 ...709SrAD8BUWVwbRXriZbHgkYO_tHg-2qyX3Hvt9E}
                                                  . Cisplatin  (cis-dichloro...
I've inserted a begin-math/end-math symbol since I think
you left one out. Proceed, with fingers crossed.

! Missing $ inserted.
<inserted text> 
                $
l.185 ...709SrAD8BUWVwbRXriZbHgkYO_tHg-2qyX3Hvt9E}
                                                  . Cisplatin  (cis-dichloro...
I've inserted a begin-math/end-math symbol since I think
you left one out. Proceed, with fingers crossed.

! Misplaced alignment tab character &.
<argument> ...iewdoc/download?doi=10.1.1.987.2577&
                                                  rep=rep1&type=pdf##page=50...
l.185 ....2577&rep=rep1&type=pdf#page=506, p. 493}
                                                  .
I can't figure out why you would want to use a tab mark
here. If you just want an ampersand, the remedy is
simple: Just type `I\&' now. But if some right brace
up above has ended a previous alignment prematurely,
you're probably due for more error messages, and you
might try typing `S' now just to see what is salvageable.

! Misplaced alignment tab character &.
<argument> ...wnload?doi=10.1.1.987.2577&rep=rep1&
                                                  type=pdf##page=506, p. 493...
l.185 ....2577&rep=rep1&type=pdf#page=506, p. 493}
                                                  .
I can't figure out why you would want to use a tab mark
here. If you just want an ampersand, the remedy is
simple: Just type `I\&' now. But if some right brace
up above has ended a previous alignment prematurely,
you're probably due for more error messages, and you
might try typing `S' now just to see what is salvageable.

! You can't use `macro parameter character #' in horizontal mode.
<argument> ...=10.1.1.987.2577&rep=rep1&type=pdf##
                                                  page=506, p. 493\@finalstr...
l.185 ....2577&rep=rep1&type=pdf#page=506, p. 493}
                                                  .
Sorry, but I'm not programmed to handle this case;
I'll just pretend that you didn't ask for it.
If you're in the wrong mode, you might be able to
return to the right one by typing `I}' or `I$' or `I\par'.

[9]
! Missing $ inserted.
<inserted text> 
                $
l.187 ...709SrAD8BUWVwbRXriZbHgkYO_tHg-2qyX3Hvt9E}
                                                  , but therapy is most comm...
I've inserted a begin-math/end-math symbol since I think
you left one out. Proceed, with fingers crossed.

! Missing $ inserted.
<inserted text> 
                $
l.187 ...709SrAD8BUWVwbRXriZbHgkYO_tHg-2qyX3Hvt9E}
                                                  , but therapy is most comm...
I've inserted a begin-math/end-math symbol since I think
you left one out. Proceed, with fingers crossed.


Underfull \hbox (badness 10000) in paragraph at lines 187--188

 []


Underfull \hbox (badness 10000) in paragraph at lines 189--191

 []

[10 <./Theory/cell_dimension.png>]
! Undefined control sequence.
l.193 ...ith nuclear spin $1/2^-$ (50 y)\footenote
                                                  {https://www.nndc.bnl.gov/...
The control sequence at the end of the top line
of your error message was never \def'ed. If you have
misspelled it (e.g., `\hobx'), type `I' and the correct
spelling (e.g., `I\hbox'). Otherwise just continue,
and I'll forget about whatever was undefined.

! Misplaced alignment tab character &.
l.193 .../nudat2/getdecayscheme.jsp?nucleus=193PT&
                                                  dsid=193pt%20it%20decay%20...
I can't figure out why you would want to use a tab mark
here. If you just want an ampersand, the remedy is
simple: Just type `I\&' now. But if some right brace
up above has ended a previous alignment prematurely,
you're probably due for more error messages, and you
might try typing `S' now just to see what is salvageable.

! Undefined control sequence.
l.194 }\footenote
                 {Shirley, V.S. Nuclear data sheets for A=193. Nucl. Data Sh...
The control sequence at the end of the top line
of your error message was never \def'ed. If you have
misspelled it (e.g., `\hobx'), type `I' and the correct
spelling (e.g., `I\hbox'). Otherwise just continue,
and I'll forget about whatever was undefined.

! Misplaced alignment tab character &.
<argument> ...iewdoc/download?doi=10.1.1.987.2577&
                                                  rep=rep1&type=pdf##page=50...
l.194 ....2577&rep=rep1&type=pdf#page=506, p. 496}
                                                  . This also indicates that...
I can't figure out why you would want to use a tab mark
here. If you just want an ampersand, the remedy is
simple: Just type `I\&' now. But if some right brace
up above has ended a previous alignment prematurely,
you're probably due for more error messages, and you
might try typing `S' now just to see what is salvageable.

! Misplaced alignment tab character &.
<argument> ...wnload?doi=10.1.1.987.2577&rep=rep1&
                                                  type=pdf##page=506, p. 496...
l.194 ....2577&rep=rep1&type=pdf#page=506, p. 496}
                                                  . This also indicates that...
I can't figure out why you would want to use a tab mark
here. If you just want an ampersand, the remedy is
simple: Just type `I\&' now. But if some right brace
up above has ended a previous alignment prematurely,
you're probably due for more error messages, and you
might try typing `S' now just to see what is salvageable.

! You can't use `macro parameter character #' in horizontal mode.
<argument> ...=10.1.1.987.2577&rep=rep1&type=pdf##
                                                  page=506, p. 496\@finalstr...
l.194 ....2577&rep=rep1&type=pdf#page=506, p. 496}
                                                  . This also indicates that...
Sorry, but I'm not programmed to handle this case;
I'll just pretend that you didn't ask for it.
If you're in the wrong mode, you might be able to
return to the right one by typing `I}' or `I$' or `I\par'.


Overfull \hbox (273.91135pt too wide) in paragraph at lines 192--195
\OT1/cmr/m/n/10.95 (9.7 ns) and the ground state at 0.0 keV with nu-clear spin 
$1\OML/cmm/m/it/10.95 =\OT1/cmr/m/n/10.95 2[]$ (50 y)https://www.nndc.bnl.gov/n
udat2/getdecayscheme.jsp?nucleus=193PTdsid=193ptShirley,
 []

[11]
Underfull \hbox (badness 10000) in paragraph at lines 226--228

 []


Underfull \hbox (badness 10000) in paragraph at lines 239--240

 []

! Undefined control sequence.
<argument> ...opy and Spectrometry, 1999)\foonote 
                                                  {https://www.sciencedirect...
l.242 ...led a super coster-kronig process (MMM) }
                                                  
The control sequence at the end of the top line
of your error message was never \def'ed. If you have
misspelled it (e.g., `\hobx'), type `I' and the correct
spelling (e.g., `I\hbox'). Otherwise just continue,
and I'll forget about whatever was undefined.

[12]
Overfull \hbox (10.52626pt too wide) in paragraph at lines 256--257
[][]\OT1/cmr/m/n/10.95 Energy loss of low E auger elec-trons. In this en-ergy r
e-gion, is due to col-li-sion loss, not bremsstrahlung.
 []

<Theory/cisplatin_DNA.png, id=62, 853.1875pt x 670.505pt>
File: Theory/cisplatin_DNA.png Graphic file (type png)

<use Theory/cisplatin_DNA.png>
Package pdftex.def Info: Theory/cisplatin_DNA.png used on input line 269.
(pdftex.def)             Requested size: 240.93773pt x 189.34639pt.

! Missing $ inserted.
<inserted text> 
                $
l.270 ...fig2_221919257 [accessed 12 Apr, 2020]. }
                                                  
I've inserted a begin-math/end-math symbol since I think
you left one out. Proceed, with fingers crossed.

! Missing $ inserted.
<inserted text> 
                $
l.270 ...fig2_221919257 [accessed 12 Apr, 2020]. }
                                                  
I've inserted a begin-math/end-math symbol since I think
you left one out. Proceed, with fingers crossed.

! Missing $ inserted.
<inserted text> 
                $
l.270 ...fig2_221919257 [accessed 12 Apr, 2020]. }
                                                  
I've inserted a begin-math/end-math symbol since I think
you left one out. Proceed, with fingers crossed.

! Missing $ inserted.
<inserted text> 
                $
l.270 ...fig2_221919257 [accessed 12 Apr, 2020]. }
                                                  
I've inserted a begin-math/end-math symbol since I think
you left one out. Proceed, with fingers crossed.


Underfull \hbox (badness 5908) in paragraph at lines 270--270
[]\OT1/cmr/m/n/10.95 Figure 1.3: |A DNA Re-pair Pro-tein BRCA1 as a Po-ten-tial
ly Molec-u-lar Tar-get for
 []


Underfull \hbox (badness 4713) in paragraph at lines 270--270
\OT1/cmr/m/n/10.95 the An-ti-cancer Plat-inum Drug Cis-platin - Sci-en-tific Fi
g-ure on Re-search-Gate. Avail-
 []


Underfull \vbox (badness 6741) has occurred while \output is active []

 [13 <./Theory/cisplatin_DNA.png>] [14]
Underfull \hbox (badness 10000) in paragraph at lines 345--347

 []


Underfull \hbox (badness 10000) in paragraph at lines 371--372

 []

Excluding 'comment' comment.
! Bad space factor (0).
<recently read> \@savsf 
                        
l.418 \end{comment}
                   
I allow only values in the range 1..32767 here.

[15]
Underfull \hbox (badness 10000) in paragraph at lines 451--452

 []


Underfull \hbox (badness 10000) in paragraph at lines 476--477

 []


Underfull \hbox (badness 10000) in paragraph at lines 476--477

 []


Underfull \hbox (badness 10000) in paragraph at lines 478--481

 []

[16] [17]
Underfull \hbox (badness 10000) in paragraph at lines 503--505

 []


Underfull \hbox (badness 10000) in paragraph at lines 525--526

 []


Underfull \hbox (badness 10000) in paragraph at lines 536--538

 []

[18]
Underfull \hbox (badness 10000) in paragraph at lines 542--543

 []


Underfull \hbox (badness 10000) in paragraph at lines 544--545

 []

<Theory/reactionchannels_pt.png, id=83, 462.528pt x 346.896pt>
File: Theory/reactionchannels_pt.png Graphic file (type png)

<use Theory/reactionchannels_pt.png>
Package pdftex.def Info: Theory/reactionchannels_pt.png used on input line 548.

(pdftex.def)             Requested size: 462.52686pt x 346.89514pt.


LaTeX Warning: File `Ir(d)Pt.png' not found on input line 555.


! Package pdftex.def Error: File `Ir(d)Pt.png' not found.

See the pdftex.def package documentation for explanation.
Type  H <return>  for immediate help.
 ...                                              
                                                  
l.555 ...\includegraphics[width=12cm]{Ir(d)Pt.png}
                                                  
Using draft setting for this image.
Try typing  <return>  to proceed.
If that doesn't work, type  X <return>  to quit.


LaTeX Warning: File `sum_of_potentials.png' not found on input line 580.


! Package pdftex.def Error: File `sum_of_potentials.png' not found.

See the pdftex.def package documentation for explanation.
Type  H <return>  for immediate help.
 ...                                              
                                                  
l.580 ...raphics[width=8cm]{sum_of_potentials.png}
                                                  
Using draft setting for this image.
Try typing  <return>  to proceed.
If that doesn't work, type  X <return>  to quit.

! Undefined control sequence.
<argument> ...only meant as an illustration. \url 
                                                  {https://www.researchgate....
l.581 ...s-for-the-nucleus-58-30_fig6_257811951} }
                                                  
The control sequence at the end of the top line
of your error message was never \def'ed. If you have
misspelled it (e.g., `\hobx'), type `I' and the correct
spelling (e.g., `I\hbox'). Otherwise just continue,
and I'll forget about whatever was undefined.

! Undefined control sequence.
<argument> ...only meant as an illustration. \url 
                                                  {https://www.researchgate....
l.581 ...s-for-the-nucleus-58-30_fig6_257811951} }
                                                  
The control sequence at the end of the top line
of your error message was never \def'ed. If you have
misspelled it (e.g., `\hobx'), type `I' and the correct
spelling (e.g., `I\hbox'). Otherwise just continue,
and I'll forget about whatever was undefined.

! Missing $ inserted.
<inserted text> 
                $
l.581 ...s-for-the-nucleus-58-30_fig6_257811951} }
                                                  
I've inserted a begin-math/end-math symbol since I think
you left one out. Proceed, with fingers crossed.

! Extra }, or forgotten $.
<argument> ...or-the-nucleus-58-30_fig6_257811951}
                                                   
l.581 ...s-for-the-nucleus-58-30_fig6_257811951} }
                                                  
I've deleted a group-closing symbol because it seems to be
spurious, as in `$x}$'. But perhaps the } is legitimate and
you forgot something else, as in `\hbox{$x}'. In such cases
the way to recover is to insert both the forgotten and the
deleted material, e.g., by typing `I$}'.

! Missing $ inserted.
<inserted text> 
                $
l.581 ...s-for-the-nucleus-58-30_fig6_257811951} }
                                                  
I've inserted a begin-math/end-math symbol since I think
you left one out. Proceed, with fingers crossed.

! Missing } inserted.
<inserted text> 
                }
l.581 ...s-for-the-nucleus-58-30_fig6_257811951} }
                                                  
I've inserted something that you may have forgotten.
(See the <inserted text> above.)
With luck, this will get me unwedged. But if you
really didn't forget anything, try typing `2' now; then
my insertion and my current dilemma will both disappear.

! Undefined control sequence.
<argument> ...only meant as an illustration. \url 
                                                  {https://www.researchgate....
l.581 ...s-for-the-nucleus-58-30_fig6_257811951} }
                                                  
The control sequence at the end of the top line
of your error message was never \def'ed. If you have
misspelled it (e.g., `\hobx'), type `I' and the correct
spelling (e.g., `I\hbox'). Otherwise just continue,
and I'll forget about whatever was undefined.

! Missing $ inserted.
<inserted text> 
                $
l.581 ...s-for-the-nucleus-58-30_fig6_257811951} }
                                                  
I've inserted a begin-math/end-math symbol since I think
you left one out. Proceed, with fingers crossed.

! Extra }, or forgotten $.
<argument> ...or-the-nucleus-58-30_fig6_257811951}
                                                   
l.581 ...s-for-the-nucleus-58-30_fig6_257811951} }
                                                  
I've deleted a group-closing symbol because it seems to be
spurious, as in `$x}$'. But perhaps the } is legitimate and
you forgot something else, as in `\hbox{$x}'. In such cases
the way to recover is to insert both the forgotten and the
deleted material, e.g., by typing `I$}'.

! Missing $ inserted.
<inserted text> 
                $
l.581 ...s-for-the-nucleus-58-30_fig6_257811951} }
                                                  
I've inserted a begin-math/end-math symbol since I think
you left one out. Proceed, with fingers crossed.

! Missing } inserted.
<inserted text> 
                }
l.581 ...s-for-the-nucleus-58-30_fig6_257811951} }
                                                  
I've inserted something that you may have forgotten.
(See the <inserted text> above.)
With luck, this will get me unwedged. But if you
really didn't forget anything, try typing `2' now; then
my insertion and my current dilemma will both disappear.

[19] [20 <./Theory/reactionchannels_pt.png>] [21] Excluding 'comment' comment.
Underfull \hbox (badness 10000) in paragraph at lines 607--608

 []

[22] [23]
Underfull \hbox (badness 10000) in paragraph at lines 670--671

 []


Underfull \hbox (badness 10000) in paragraph at lines 689--690

 []

[24]

LaTeX Warning: No positions in optional float specifier.
               Default added (so using `tbp') on input line 723.

! Missing $ inserted.
<inserted text> 
                $
l.728          Particle & \Delta
                                 (MeV) &J^\pi & Charge \\
I've inserted a begin-math/end-math symbol since I think
you left one out. Proceed, with fingers crossed.

! Missing $ inserted.
<inserted text> 
                $
l.728          Particle & \Delta (MeV) &
                                        J^\pi & Charge \\
I've inserted something that you may have forgotten.
(See the <inserted text> above.)
With luck, this will get me unwedged. But if you
really didn't forget anything, try typing `2' now; then
my insertion and my current dilemma will both disappear.

! Missing $ inserted.
<inserted text> 
                $
l.728          Particle & \Delta (MeV) &J^
                                          \pi & Charge \\
I've inserted a begin-math/end-math symbol since I think
you left one out. Proceed, with fingers crossed.

! Missing $ inserted.
<inserted text> 
                $
l.728          Particle & \Delta (MeV) &J^\pi &
                                                Charge \\
I've inserted something that you may have forgotten.
(See the <inserted text> above.)
With luck, this will get me unwedged. But if you
really didn't forget anything, try typing `2' now; then
my insertion and my current dilemma will both disappear.

! Missing $ inserted.
<inserted text> 
                $
l.734          ^
                {3}He & 7.7 & $\frac{1}{2}^+$ & +2 \\
I've inserted a begin-math/end-math symbol since I think
you left one out. Proceed, with fingers crossed.

! Missing $ inserted.
<inserted text> 
                $
l.734          ^{3}He &
                        7.7 & $\frac{1}{2}^+$ & +2 \\
I've inserted something that you may have forgotten.
(See the <inserted text> above.)
With luck, this will get me unwedged. But if you
really didn't forget anything, try typing `2' now; then
my insertion and my current dilemma will both disappear.

! Missing $ inserted.
<inserted text> 
                $
l.735         \alpha
                     & 28.3 & 0^+ & +2 \\
I've inserted a begin-math/end-math symbol since I think
you left one out. Proceed, with fingers crossed.

! Missing $ inserted.
<inserted text> 
                $
l.735         \alpha &
                       28.3 & 0^+ & +2 \\
I've inserted something that you may have forgotten.
(See the <inserted text> above.)
With luck, this will get me unwedged. But if you
really didn't forget anything, try typing `2' now; then
my insertion and my current dilemma will both disappear.

! Missing $ inserted.
<inserted text> 
                $
l.735         \alpha & 28.3 & 0^
                                + & +2 \\
I've inserted a begin-math/end-math symbol since I think
you left one out. Proceed, with fingers crossed.

! Missing $ inserted.
<inserted text> 
                $
l.735         \alpha & 28.3 & 0^+ &
                                    +2 \\
I've inserted something that you may have forgotten.
(See the <inserted text> above.)
With luck, this will get me unwedged. But if you
really didn't forget anything, try typing `2' now; then
my insertion and my current dilemma will both disappear.


LaTeX Warning: No positions in optional float specifier.
               Default added (so using `tbp') on input line 742.

! Missing $ inserted.
<inserted text> 
                $
l.746 ...Proton & neutron & deuterion & triton & ^
                                                  {3}H & \alpha  \\
I've inserted a begin-math/end-math symbol since I think
you left one out. Proceed, with fingers crossed.

! Missing $ inserted.
<inserted text> 
                $
l.746 ... & neutron & deuterion & triton & ^{3}H &
                                                   \alpha  \\
I've inserted something that you may have forgotten.
(See the <inserted text> above.)
With luck, this will get me unwedged. But if you
really didn't forget anything, try typing `2' now; then
my insertion and my current dilemma will both disappear.

! Missing $ inserted.
<inserted text> 
                $
l.746 ...ron & deuterion & triton & ^{3}H & \alpha
                                                    \\
I've inserted a begin-math/end-math symbol since I think
you left one out. Proceed, with fingers crossed.

! Missing $ inserted.
<inserted text> 
                $
l.747         \hline
                    
I've inserted something that you may have forgotten.
(See the <inserted text> above.)
With luck, this will get me unwedged. But if you
really didn't forget anything, try typing `2' now; then
my insertion and my current dilemma will both disappear.

[25] [26

]
Chapter 2.

Underfull \hbox (badness 10000) in paragraph at lines 776--777

 []


Underfull \hbox (badness 10000) in paragraph at lines 784--787

 []

<Experiment/LBL_88.png, id=113, 790.955pt x 417.56pt>
File: Experiment/LBL_88.png Graphic file (type png)

<use Experiment/LBL_88.png>
Package pdftex.def Info: Experiment/LBL_88.png used on input line 795.
(pdftex.def)             Requested size: 385.50183pt x 203.51666pt.

Underfull \hbox (badness 10000) in paragraph at lines 796--796
[]\OT1/cmr/m/n/10.95 Figure 2.1: |An overview of the 88" Cy-clotron fa-cil-ity.
 https://cpb-us-
 []

<Experiment/Illustration_beamOnTarget.png, id=114, 963.6pt x 542.025pt>
File: Experiment/Illustration_beamOnTarget.png Graphic file (type png)

<use Experiment/Illustration_beamOnTarget.png>
Package pdftex.def Info: Experiment/Illustration_beamOnTarget.png used on input
 line 804.
(pdftex.def)             Requested size: 337.31134pt x 189.73639pt.
 [27] [28 <./Experiment/LBL_88.png> <./Experiment/Illustration_beamOnTarget.png
>]
Underfull \hbox (badness 10000) in paragraph at lines 822--824

 []


Underfull \hbox (badness 10000) in paragraph at lines 832--833

 []


LaTeX Warning: Reference `eq:standard_dev' on page 29 undefined on input line 8
43.


LaTeX Warning: Reference `eq:uncertainty_simplification' on page 29 undefined o
n input line 843.


Underfull \hbox (badness 10000) in paragraph at lines 842--844

 []

<Experiment/targets_on_frame.JPG, id=123, 2976.11874pt x 2789.42125pt>
File: Experiment/targets_on_frame.JPG Graphic file (type jpg)

<use Experiment/targets_on_frame.JPG>
Package pdftex.def Info: Experiment/targets_on_frame.JPG used on input line 850
.
(pdftex.def)             Requested size: 240.93773pt x 225.79716pt.

Overfull \hbox (29.69136pt too wide) in paragraph at lines 861--918
[][] 
 []


LaTeX Warning: `!h' float specifier changed to `!ht'.


Underfull \hbox (badness 10000) in paragraph at lines 925--926

 []

[29]
! Undefined control sequence.
l.939     \subfloat
                   [The target stack in target holder]{{\includegraphics[wid...
The control sequence at the end of the top line
of your error message was never \def'ed. If you have
misspelled it (e.g., `\hobx'), type `I' and the correct
spelling (e.g., `I\hbox'). Otherwise just continue,
and I'll forget about whatever was undefined.

<Experiment/stack.JPG, id=127, 2234.3475pt x 2970.09625pt>
File: Experiment/stack.JPG Graphic file (type jpg)

<use Experiment/stack.JPG>
Package pdftex.def Info: Experiment/stack.JPG used on input line 939.
(pdftex.def)             Requested size: 187.78836pt x 249.62234pt.

! Undefined control sequence.
l.940     \subfloat
                   [Target holder placed in the end of beam tube]{{\includeg...
The control sequence at the end of the top line
of your error message was never \def'ed. If you have
misspelled it (e.g., `\hobx'), type `I' and the correct
spelling (e.g., `I\hbox'). Otherwise just continue,
and I'll forget about whatever was undefined.

<Experiment/tube.JPG, id=128, 4047.12pt x 3035.34pt>
File: Experiment/tube.JPG Graphic file (type jpg)
 <use Experiment/tube.JPG>
Package pdftex.def Info: Experiment/tube.JPG used on input line 940.
(pdftex.def)             Requested size: 187.78836pt x 140.79912pt.

Underfull \hbox (badness 10000) in paragraph at lines 948--949

 []


Underfull \vbox (badness 2213) has occurred while \output is active []

 [30 <./Experiment/targets_on_frame.JPG>] [31 <./Experiment/stack.JPG> <./Exper
iment/tube.JPG>]
Underfull \vbox (badness 2772) has occurred while \output is active []

 [32]
<Experiment/gafchromic_beamprofile.jpg, id=140, 3035.34pt x 3277.24374pt>
File: Experiment/gafchromic_beamprofile.jpg Graphic file (type jpg)

<use Experiment/gafchromic_beamprofile.jpg>
Package pdftex.def Info: Experiment/gafchromic_beamprofile.jpg used on input li
ne 957.
(pdftex.def)             Requested size: 144.5641pt x 156.07074pt.

! Undefined control sequence.
l.964     \subfloat
                   [Horizontal intensity profile of SS1]{{\includegraphics[w...
The control sequence at the end of the top line
of your error message was never \def'ed. If you have
misspelled it (e.g., `\hobx'), type `I' and the correct
spelling (e.g., `I\hbox'). Otherwise just continue,
and I'll forget about whatever was undefined.

<Experiment/ss_front_h.png, id=141, 462.528pt x 346.896pt>
File: Experiment/ss_front_h.png Graphic file (type png)

<use Experiment/ss_front_h.png>
Package pdftex.def Info: Experiment/ss_front_h.png used on input line 964.
(pdftex.def)             Requested size: 187.78836pt x 140.84145pt.

! Undefined control sequence.
l.967     \subfloat
                   [Horizontal intensity profile at SS2]{{\includegraphics[w...
The control sequence at the end of the top line
of your error message was never \def'ed. If you have
misspelled it (e.g., `\hobx'), type `I' and the correct
spelling (e.g., `I\hbox'). Otherwise just continue,
and I'll forget about whatever was undefined.

<Experiment/ss_back_h.png, id=142, 462.528pt x 346.896pt>
File: Experiment/ss_back_h.png Graphic file (type png)

<use Experiment/ss_back_h.png>
Package pdftex.def Info: Experiment/ss_back_h.png used on input line 967.
(pdftex.def)             Requested size: 187.78836pt x 140.84145pt.

<Experiment/cal_sources.png, id=143, 2347.77126pt x 2174.1225pt>
File: Experiment/cal_sources.png Graphic file (type png)

<use Experiment/cal_sources.png>
Package pdftex.def Info: Experiment/cal_sources.png used on input line 975.
(pdftex.def)             Requested size: 240.93773pt x 223.09781pt.


LaTeX Warning: No positions in optional float specifier.
               Default added (so using `tbp') on input line 980.

! Missing $ inserted.
<inserted text> 
                $
l.986 ... \multicolumn{2}{|c}{\makecell{^{137}Cs}}
                                                   & \multicolumn{2}{c}{\mak...
I've inserted a begin-math/end-math symbol since I think
you left one out. Proceed, with fingers crossed.

! Missing $ inserted.
<inserted text> 
                $
l.986 ... \multicolumn{2}{|c}{\makecell{^{137}Cs}}
                                                   & \multicolumn{2}{c}{\mak...
I've inserted something that you may have forgotten.
(See the <inserted text> above.)
With luck, this will get me unwedged. But if you
really didn't forget anything, try typing `2' now; then
my insertion and my current dilemma will both disappear.

! Missing $ inserted.
<inserted text> 
                $
l.986 ...& \multicolumn{2}{c}{\makecell{^{133}Ba}}
                                                   & \multicolumn{2}{c|}{\ma...
I've inserted a begin-math/end-math symbol since I think
you left one out. Proceed, with fingers crossed.

! Missing $ inserted.
<inserted text> 
                $
l.986 ...& \multicolumn{2}{c}{\makecell{^{133}Ba}}
                                                   & \multicolumn{2}{c|}{\ma...
I've inserted something that you may have forgotten.
(See the <inserted text> above.)
With luck, this will get me unwedged. But if you
really didn't forget anything, try typing `2' now; then
my insertion and my current dilemma will both disappear.

! Missing $ inserted.
<inserted text> 
                $
l.986 ... \multicolumn{2}{c|}{\makecell{^{152}Eu}}
                                                  \\
I've inserted a begin-math/end-math symbol since I think
you left one out. Proceed, with fingers crossed.

! Missing $ inserted.
<inserted text> 
                $
l.986 ... \multicolumn{2}{c|}{\makecell{^{152}Eu}}
                                                  \\
I've inserted something that you may have forgotten.
(See the <inserted text> above.)
With luck, this will get me unwedged. But if you
really didn't forget anything, try typing `2' now; then
my insertion and my current dilemma will both disappear.

! Missing $ inserted.
<inserted text> 
                $
l.989          \makecell{E_\gamma}
                                  & \makecell{I_\gamma}&\makecell{E_\gamma}&...
I've inserted a begin-math/end-math symbol since I think
you left one out. Proceed, with fingers crossed.

! Missing $ inserted.
<inserted text> 
                $
l.989          \makecell{E_\gamma}
                                  & \makecell{I_\gamma}&\makecell{E_\gamma}&...
I've inserted something that you may have forgotten.
(See the <inserted text> above.)
With luck, this will get me unwedged. But if you
really didn't forget anything, try typing `2' now; then
my insertion and my current dilemma will both disappear.

! Missing $ inserted.
<inserted text> 
                $
l.989 ... \makecell{E_\gamma}& \makecell{I_\gamma}
                                                  &\makecell{E_\gamma}& \mak...
I've inserted a begin-math/end-math symbol since I think
you left one out. Proceed, with fingers crossed.

! Missing $ inserted.
<inserted text> 
                $
l.989 ... \makecell{E_\gamma}& \makecell{I_\gamma}
                                                  &\makecell{E_\gamma}& \mak...
I've inserted something that you may have forgotten.
(See the <inserted text> above.)
With luck, this will get me unwedged. But if you
really didn't forget anything, try typing `2' now; then
my insertion and my current dilemma will both disappear.

! Missing $ inserted.
<inserted text> 
                $
l.989 ...& \makecell{I_\gamma}&\makecell{E_\gamma}
                                                  & \makecell{I_\gamma}& \ma...
I've inserted a begin-math/end-math symbol since I think
you left one out. Proceed, with fingers crossed.

! Missing $ inserted.
<inserted text> 
                $
l.989 ...& \makecell{I_\gamma}&\makecell{E_\gamma}
                                                  & \makecell{I_\gamma}& \ma...
I've inserted something that you may have forgotten.
(See the <inserted text> above.)
With luck, this will get me unwedged. But if you
really didn't forget anything, try typing `2' now; then
my insertion and my current dilemma will both disappear.

! Missing $ inserted.
<inserted text> 
                $
l.989 ...&\makecell{E_\gamma}& \makecell{I_\gamma}
                                                  & \makecell{E_\gamma}& \ma...
I've inserted a begin-math/end-math symbol since I think
you left one out. Proceed, with fingers crossed.

! Missing $ inserted.
<inserted text> 
                $
l.989 ...&\makecell{E_\gamma}& \makecell{I_\gamma}
                                                  & \makecell{E_\gamma}& \ma...
I've inserted something that you may have forgotten.
(See the <inserted text> above.)
With luck, this will get me unwedged. But if you
really didn't forget anything, try typing `2' now; then
my insertion and my current dilemma will both disappear.

! Missing $ inserted.
<inserted text> 
                $
l.989 ... \makecell{I_\gamma}& \makecell{E_\gamma}
                                                  & \makecell{I_\gamma}\\
I've inserted a begin-math/end-math symbol since I think
you left one out. Proceed, with fingers crossed.

! Missing $ inserted.
<inserted text> 
                $
l.989 ... \makecell{I_\gamma}& \makecell{E_\gamma}
                                                  & \makecell{I_\gamma}\\
I've inserted something that you may have forgotten.
(See the <inserted text> above.)
With luck, this will get me unwedged. But if you
really didn't forget anything, try typing `2' now; then
my insertion and my current dilemma will both disappear.

! Missing $ inserted.
<inserted text> 
                $
l.989 ... \makecell{E_\gamma}& \makecell{I_\gamma}
                                                  \\
I've inserted a begin-math/end-math symbol since I think
you left one out. Proceed, with fingers crossed.

! Missing $ inserted.
<inserted text> 
                $
l.989 ... \makecell{E_\gamma}& \makecell{I_\gamma}
                                                  \\
I've inserted something that you may have forgotten.
(See the <inserted text> above.)
With luck, this will get me unwedged. But if you
really didn't forget anything, try typing `2' now; then
my insertion and my current dilemma will both disappear.

! Missing $ inserted.
<inserted text> 
                $
l.991          \makecell{32.005^*}
                                   & \makecell{5.63^*} & \makecell{53.1622} ...
I've inserted a begin-math/end-math symbol since I think
you left one out. Proceed, with fingers crossed.

! Missing $ inserted.
<inserted text> 
                $
l.991          \makecell{32.005^*}
                                   & \makecell{5.63^*} & \makecell{53.1622} ...
I've inserted something that you may have forgotten.
(See the <inserted text> above.)
With luck, this will get me unwedged. But if you
really didn't forget anything, try typing `2' now; then
my insertion and my current dilemma will both disappear.

! Missing $ inserted.
<inserted text> 
                $
l.991 ...  \makecell{32.005^*} & \makecell{5.63^*}
                                                   & \makecell{53.1622} & \m...
I've inserted a begin-math/end-math symbol since I think
you left one out. Proceed, with fingers crossed.

! Missing $ inserted.
<inserted text> 
                $
l.991 ...  \makecell{32.005^*} & \makecell{5.63^*}
                                                   & \makecell{53.1622} & \m...
I've inserted something that you may have forgotten.
(See the <inserted text> above.)
With luck, this will get me unwedged. But if you
really didn't forget anything, try typing `2' now; then
my insertion and my current dilemma will both disappear.

! Missing $ inserted.
<inserted text> 
                $
l.993          \makecell{36.3405^*}
                                    & \makecell{1.02^*} & \makecell{80.9979}...
I've inserted a begin-math/end-math symbol since I think
you left one out. Proceed, with fingers crossed.

! Missing $ inserted.
<inserted text> 
                $
l.993          \makecell{36.3405^*}
                                    & \makecell{1.02^*} & \makecell{80.9979}...
I've inserted something that you may have forgotten.
(See the <inserted text> above.)
With luck, this will get me unwedged. But if you
really didn't forget anything, try typing `2' now; then
my insertion and my current dilemma will both disappear.

! Missing $ inserted.
<inserted text> 
                $
l.993 ... \makecell{36.3405^*} & \makecell{1.02^*}
                                                   & \makecell{80.9979} & \m...
I've inserted a begin-math/end-math symbol since I think
you left one out. Proceed, with fingers crossed.

! Missing $ inserted.
<inserted text> 
                $
l.993 ... \makecell{36.3405^*} & \makecell{1.02^*}
                                                   & \makecell{80.9979} & \m...
I've inserted something that you may have forgotten.
(See the <inserted text> above.)
With luck, this will get me unwedged. But if you
really didn't forget anything, try typing `2' now; then
my insertion and my current dilemma will both disappear.

! Missing $ inserted.
<inserted text> 
                $
l.1004 ...\makecell{62.05} & \makecell{244.4853^*}
                                                   & \makecell{3.125^*}\\
I've inserted a begin-math/end-math symbol since I think
you left one out. Proceed, with fingers crossed.

! Missing $ inserted.
<inserted text> 
                $
l.1004 ...\makecell{62.05} & \makecell{244.4853^*}
                                                   & \makecell{3.125^*}\\
I've inserted something that you may have forgotten.
(See the <inserted text> above.)
With luck, this will get me unwedged. But if you
really didn't forget anything, try typing `2' now; then
my insertion and my current dilemma will both disappear.

! Missing $ inserted.
<inserted text> 
                $
l.1004 ...akecell{244.4853^*} & \makecell{3.125^*}
                                                  \\
I've inserted a begin-math/end-math symbol since I think
you left one out. Proceed, with fingers crossed.

! Missing $ inserted.
<inserted text> 
                $
l.1004 ...akecell{244.4853^*} & \makecell{3.125^*}
                                                  \\
I've inserted something that you may have forgotten.
(See the <inserted text> above.)
With luck, this will get me unwedged. But if you
really didn't forget anything, try typing `2' now; then
my insertion and my current dilemma will both disappear.

! Missing $ inserted.
<inserted text> 
                $
l.1013 ...l{} & \makecell{} & \makecell{719.353^*}
                                                   & \makecell{0.345^*}\\
I've inserted a begin-math/end-math symbol since I think
you left one out. Proceed, with fingers crossed.

! Missing $ inserted.
<inserted text> 
                $
l.1013 ...l{} & \makecell{} & \makecell{719.353^*}
                                                   & \makecell{0.345^*}\\
I've inserted something that you may have forgotten.
(See the <inserted text> above.)
With luck, this will get me unwedged. But if you
really didn't forget anything, try typing `2' now; then
my insertion and my current dilemma will both disappear.

! Missing $ inserted.
<inserted text> 
                $
l.1013 ...makecell{719.353^*} & \makecell{0.345^*}
                                                  \\
I've inserted a begin-math/end-math symbol since I think
you left one out. Proceed, with fingers crossed.

! Missing $ inserted.
<inserted text> 
                $
l.1013 ...makecell{719.353^*} & \makecell{0.345^*}
                                                  \\
I've inserted something that you may have forgotten.
(See the <inserted text> above.)
With luck, this will get me unwedged. But if you
really didn't forget anything, try typing `2' now; then
my insertion and my current dilemma will both disappear.

! Missing $ inserted.
<inserted text> 
                $
l.1017 ...l{} & \makecell{} & \makecell{963.712^*}
                                                   & \makecell{14.65^*}\\
I've inserted a begin-math/end-math symbol since I think
you left one out. Proceed, with fingers crossed.

! Missing $ inserted.
<inserted text> 
                $
l.1017 ...l{} & \makecell{} & \makecell{963.712^*}
                                                   & \makecell{14.65^*}\\
I've inserted something that you may have forgotten.
(See the <inserted text> above.)
With luck, this will get me unwedged. But if you
really didn't forget anything, try typing `2' now; then
my insertion and my current dilemma will both disappear.

! Missing $ inserted.
<inserted text> 
                $
l.1017 ...makecell{963.712^*} & \makecell{14.65^*}
                                                  \\
I've inserted a begin-math/end-math symbol since I think
you left one out. Proceed, with fingers crossed.

! Missing $ inserted.
<inserted text> 
                $
l.1017 ...makecell{963.712^*} & \makecell{14.65^*}
                                                  \\
I've inserted something that you may have forgotten.
(See the <inserted text> above.)
With luck, this will get me unwedged. But if you
really didn't forget anything, try typing `2' now; then
my insertion and my current dilemma will both disappear.

Excluding 'comment' comment.
Underfull \hbox (badness 10000) in paragraph at lines 1055--1057

 []

[33 <./Experiment/gafchromic_beamprofile.jpg>] [34 <./Experiment/ss_front_h.png
> <./Experiment/ss_back_h.png> <./Experiment/cal_sources.png>] [35] [36

]
Chapter 3.

Underfull \hbox (badness 10000) in paragraph at lines 1074--1075

 []


LaTeX Warning: Reference `eq:experimental_CS' on page 37 undefined on input lin
e 1080.


LaTeX Warning: Reference `eq:efficiency_analytical' on page 37 undefined on inp
ut line 1080.

[37]

LaTeX Warning: Reference `fig:gammarayspectrum_example' on page 38 undefined on
 input line 1082.


LaTeX Warning: Reference `fig:193mPt_spectra' on page 38 undefined on input lin
e 1082.

<Analysis/gammaray_spec_Ir05.png, id=163, 462.528pt x 346.896pt>
File: Analysis/gammaray_spec_Ir05.png Graphic file (type png)

<use Analysis/gammaray_spec_Ir05.png>
Package pdftex.def Info: Analysis/gammaray_spec_Ir05.png used on input line 108
5.
(pdftex.def)             Requested size: 462.52686pt x 346.89514pt.

! Undefined control sequence.
l.1093     \subfloat
                    [X ray plot of 193mPt. ]{{\includegraphics[width=10cm]{A...
The control sequence at the end of the top line
of your error message was never \def'ed. If you have
misspelled it (e.g., `\hobx'), type `I' and the correct
spelling (e.g., `I\hbox'). Otherwise just continue,
and I'll forget about whatever was undefined.



pdfTeX warning: /Library/TeX/texbin/pdflatex (file ./Analysis/193mPt_xray_plot.
pdf): PDF inclusion: found PDF version <1.7>, but at most version <1.5> allowed

<Analysis/193mPt_xray_plot.pdf, id=164, 640.3925pt x 302.12875pt>
File: Analysis/193mPt_xray_plot.pdf Graphic file (type pdf)

<use Analysis/193mPt_xray_plot.pdf>
Package pdftex.def Info: Analysis/193mPt_xray_plot.pdf used on input line 1093.

(pdftex.def)             Requested size: 284.52756pt x 134.2371pt.

! Undefined control sequence.
l.1095     \subfloat
                    [Gammaplot of 193mPt]{{\includegraphics[width=10cm]{Anal...
The control sequence at the end of the top line
of your error message was never \def'ed. If you have
misspelled it (e.g., `\hobx'), type `I' and the correct
spelling (e.g., `I\hbox'). Otherwise just continue,
and I'll forget about whatever was undefined.



pdfTeX warning: /Library/TeX/texbin/pdflatex (file ./Analysis/193mPt_gamma_plot
.pdf): PDF inclusion: found PDF version <1.7>, but at most version <1.5> allowe
d
<Analysis/193mPt_gamma_plot.pdf, id=165, 643.40375pt x 301.125pt>
File: Analysis/193mPt_gamma_plot.pdf Graphic file (type pdf)

<use Analysis/193mPt_gamma_plot.pdf>
Package pdftex.def Info: Analysis/193mPt_gamma_plot.pdf used on input line 1095
.
(pdftex.def)             Requested size: 284.52756pt x 133.16624pt.


LaTeX Warning: Citation `Browne2007' on page 38 undefined on input line 1102.


LaTeX Warning: Citation `Khazov2011' on page 38 undefined on input line 1102.


LaTeX Warning: Citation `Martin2013' on page 38 undefined on input line 1102.


Underfull \hbox (badness 10000) in paragraph at lines 1104--1105

 []

[38 <./Analysis/gammaray_spec_Ir05.png>]
! Undefined control sequence.
l.1107 From the webpage\foonote
                               {jim-fitz.com/calib.html}:
The control sequence at the end of the top line
of your error message was never \def'ed. If you have
misspelled it (e.g., `\hobx'), type `I' and the correct
spelling (e.g., `I\hbox'). Otherwise just continue,
and I'll forget about whatever was undefined.


LaTeX Warning: Reference `eq:experimental_CS' on page 39 undefined on input lin
e 1114.


Underfull \hbox (badness 10000) in paragraph at lines 1114--1116

 []


LaTeX Warning: Citation `Browne2007' on page 39 undefined on input line 1118.


LaTeX Warning: Citation `Khazov2011' on page 39 undefined on input line 1118.


LaTeX Warning: Citation `Martin2013' on page 39 undefined on input line 1118.


Underfull \hbox (badness 10000) in paragraph at lines 1117--1119

 []

[39 <./Analysis/193mPt_xray_plot.pdf> <./Analysis/193mPt_gamma_plot.pdf>]
! Missing $ inserted.
<inserted text> 
                $
l.1131 ...generated/scipy.optimize.curve_fit.html}
                                                  ). Figure \ref{fig:efficie...
I've inserted a begin-math/end-math symbol since I think
you left one out. Proceed, with fingers crossed.

! Missing $ inserted.
<inserted text> 
                $
l.1131 ...generated/scipy.optimize.curve_fit.html}
                                                  ). Figure \ref{fig:efficie...
I've inserted a begin-math/end-math symbol since I think
you left one out. Proceed, with fingers crossed.


LaTeX Warning: Reference `fig:efficiency_curve' on page 40 undefined on input l
ine 1131.


LaTeX Warning: Reference `eq:variance_full' on page 40 undefined on input line 
1131.


Underfull \hbox (badness 10000) in paragraph at lines 1129--1132

 []

<Experiment/room131_15.png, id=183, 462.528pt x 346.896pt>
File: Experiment/room131_15.png Graphic file (type png)

<use Experiment/room131_15.png>
Package pdftex.def Info: Experiment/room131_15.png used on input line 1136.
(pdftex.def)             Requested size: 289.1282pt x 216.8571pt.


LaTeX Warning: Reference `eq:efficiency_analytical' on page 40 undefined on inp
ut line 1137.


LaTeX Warning: Reference `eq:efficiency_estimated' on page 40 undefined on inpu
t line 1137.


LaTeX Warning: Reference `eq:efficiency_analytical' on page 40 undefined on inp
ut line 1137.


LaTeX Warning: Reference `eq:efficiency_estimated' on page 40 undefined on inpu
t line 1137.

! Undefined control sequence.
<argument> \epsilon \I 
                       _\gamma (1-e^{-\lambda \Delta t_d})e^{-\mu \rho \Delt...
l.1147 ...mbda \Delta t_d})e^{-\mu\rho\Delta r/2}}
                                                  
The control sequence at the end of the top line
of your error message was never \def'ed. If you have
misspelled it (e.g., `\hobx'), type `I' and the correct
spelling (e.g., `I\hbox'). Otherwise just continue,
and I'll forget about whatever was undefined.


LaTeX Warning: Reference `tab:Products_Fe' on page 40 undefined on input line 1
150.


LaTeX Warning: Reference `tab:Products_Ni' on page 40 undefined on input line 1
150.


LaTeX Warning: Reference `tab:Products_Cu' on page 40 undefined on input line 1
150.


LaTeX Warning: Reference `tab:Products_Ir' on page 40 undefined on input line 1
150.


Underfull \hbox (badness 10000) in paragraph at lines 1150--1151

 []

[40 <./Experiment/room131_15.png>]
Underfull \hbox (badness 10000) in paragraph at lines 1164--1165

 []


LaTeX Warning: Reference `eq:uncertainty_simplification' on page 41 undefined o
n input line 1166.


LaTeX Warning: Reference `eq:variance_full' on page 41 undefined on input line 
1166.


LaTeX Warning: Reference `fig:activity_curves' on page 41 undefined on input li
ne 1166.

! Undefined control sequence.
l.1171     \subfloat
                    [Activity of $^{193m}$Pt ($t_{1/2}$=4.33 d) produced fro...
The control sequence at the end of the top line
of your error message was never \def'ed. If you have
misspelled it (e.g., `\hobx'), type `I' and the correct
spelling (e.g., `I\hbox'). Otherwise just continue,
and I'll forget about whatever was undefined.


LaTeX Warning: Reference `eq:onestep_activity' on page 41 undefined on input li
ne 1171.

<Analysis/activity_Ir_193mPt_f6.png, id=188, 462.528pt x 346.896pt>
File: Analysis/activity_Ir_193mPt_f6.png Graphic file (type png)

<use Analysis/activity_Ir_193mPt_f6.png>
Package pdftex.def Info: Analysis/activity_Ir_193mPt_f6.png used on input line 
1171.
(pdftex.def)             Requested size: 312.9803pt x 234.74811pt.

! Undefined control sequence.
l.1172     \subfloat
                    [Activity of $^{58}$Co ($t_{1/2}$=70.86 d) produced from...
The control sequence at the end of the top line
of your error message was never \def'ed. If you have
misspelled it (e.g., `\hobx'), type `I' and the correct
spelling (e.g., `I\hbox'). Otherwise just continue,
and I'll forget about whatever was undefined.


LaTeX Warning: Reference `eq:twostep_activity' on page 41 undefined on input li
ne 1172.

<Analysis/activity_Ni_56Co_f7.png, id=189, 462.528pt x 346.896pt>
File: Analysis/activity_Ni_56Co_f7.png Graphic file (type png)

<use Analysis/activity_Ni_56Co_f7.png>
Package pdftex.def Info: Analysis/activity_Ni_56Co_f7.png used on input line 11
72.
(pdftex.def)             Requested size: 312.9803pt x 234.74811pt.

! Missing $ inserted.
<inserted text> 
                $
l.1180 ...rg/medical/monitor_reaction_article.pdf}
                                                  . The IAEA recommended cro...
I've inserted a begin-math/end-math symbol since I think
you left one out. Proceed, with fingers crossed.

! Missing $ inserted.
<inserted text> 
                $
l.1180 ...rg/medical/monitor_reaction_article.pdf}
                                                  . The IAEA recommended cro...
I've inserted a begin-math/end-math symbol since I think
you left one out. Proceed, with fingers crossed.

[41] [42 <./Analysis/activity_Ir_193mPt_f6.png> <./Analysis/activity_Ni_56Co_f7
.png>]

LaTeX Warning: Reference `fig:ir_energyflux' on page 43 undefined on input line
 1195.


<Analysis/Ir_flux_distribution_B_+2_D_+4,25.png, id=198, 462.528pt x 346.896pt>
File: Analysis/Ir_flux_distribution_B_+2_D_+4,25.png Graphic file (type png)
<use Analysis/Ir_flux_distribution_B_+2_D_+4,25.png>
Package pdftex.def Info: Analysis/Ir_flux_distribution_B_+2_D_+4,25.png used on
 input line 1199.
(pdftex.def)             Requested size: 462.52686pt x 346.89514pt.


LaTeX Warning: Reference `eq:chisq_DOF' on page 43 undefined on input line 1207
.


Underfull \hbox (badness 10000) in paragraph at lines 1207--1208

 []

[43 <./Analysis/Ir_flux_distribution_B_+2_D_+4,25.png>]

LaTeX Warning: Reference `fig:BC_comp6' on page 44 undefined on input line 1210
.

<Analysis/Compartment_6.png, id=204, 462.528pt x 346.896pt>
File: Analysis/Compartment_6.png Graphic file (type png)

<use Analysis/Compartment_6.png>
Package pdftex.def Info: Analysis/Compartment_6.png used on input line 1214.
(pdftex.def)             Requested size: 462.52686pt x 346.89514pt.


LaTeX Warning: Reference `fig:varmin_beamcurrent' on page 44 undefined on input
 line 1219.

! Undefined control sequence.
l.1223     \subfloat
                    []{{\includegraphics[width=11cm]{Analysis/beamcurrent_B_...
The control sequence at the end of the top line
of your error message was never \def'ed. If you have
misspelled it (e.g., `\hobx'), type `I' and the correct
spelling (e.g., `I\hbox'). Otherwise just continue,
and I'll forget about whatever was undefined.

<Analysis/beamcurrent_B_0_D_0.png, id=205, 462.528pt x 346.896pt>
File: Analysis/beamcurrent_B_0_D_0.png Graphic file (type png)

<use Analysis/beamcurrent_B_0_D_0.png>
Package pdftex.def Info: Analysis/beamcurrent_B_0_D_0.png used on input line 12
23.
(pdftex.def)             Requested size: 312.9803pt x 234.74811pt.

! Undefined control sequence.
l.1224     \subfloat
                    [A 2\% increase in beam current and a 4.25\% increase in...
The control sequence at the end of the top line
of your error message was never \def'ed. If you have
misspelled it (e.g., `\hobx'), type `I' and the correct
spelling (e.g., `I\hbox'). Otherwise just continue,
and I'll forget about whatever was undefined.

<Analysis/beamcurrent_B_+2_D_+4,25.png, id=206, 462.528pt x 346.896pt>
File: Analysis/beamcurrent_B_+2_D_+4,25.png Graphic file (type png)

<use Analysis/beamcurrent_B_+2_D_+4,25.png>
Package pdftex.def Info: Analysis/beamcurrent_B_+2_D_+4,25.png used on input li
ne 1224.
(pdftex.def)             Requested size: 312.9803pt x 234.74811pt.


LaTeX Warning: Reference `eq:CrossSection_general' on page 44 undefined on inpu
t line 1230.


LaTeX Warning: Reference `fig:monitor_BC+CS' on page 44 undefined on input line
 1230.

! Undefined control sequence.
l.1235     \subfloat
                    {{\includegraphics[width=7.5cm]{Analysis/Fe_56Co.png} }}%
The control sequence at the end of the top line
of your error message was never \def'ed. If you have
misspelled it (e.g., `\hobx'), type `I' and the correct
spelling (e.g., `I\hbox'). Otherwise just continue,
and I'll forget about whatever was undefined.

<Analysis/Fe_56Co.png, id=207, 462.528pt x 346.896pt>
File: Analysis/Fe_56Co.png Graphic file (type png)

<use Analysis/Fe_56Co.png>
Package pdftex.def Info: Analysis/Fe_56Co.png used on input line 1235.
(pdftex.def)             Requested size: 213.39566pt x 160.05048pt.

! Undefined control sequence.
l.1237     \subfloat
                    []{{\includegraphics[width=7.5cm]{Analysis/Ni_61Cu.png} }}%
The control sequence at the end of the top line
of your error message was never \def'ed. If you have
misspelled it (e.g., `\hobx'), type `I' and the correct
spelling (e.g., `I\hbox'). Otherwise just continue,
and I'll forget about whatever was undefined.

<Analysis/Ni_61Cu.png, id=208, 462.528pt x 346.896pt>
File: Analysis/Ni_61Cu.png Graphic file (type png)

<use Analysis/Ni_61Cu.png>
Package pdftex.def Info: Analysis/Ni_61Cu.png used on input line 1237.
(pdftex.def)             Requested size: 213.39566pt x 160.05048pt.

! Undefined control sequence.
l.1238     \subfloat
                    []{{\includegraphics[width=7.5cm]{Analysis/Ni_56Co.png} }}%
The control sequence at the end of the top line
of your error message was never \def'ed. If you have
misspelled it (e.g., `\hobx'), type `I' and the correct
spelling (e.g., `I\hbox'). Otherwise just continue,
and I'll forget about whatever was undefined.

<Analysis/Ni_56Co.png, id=209, 462.528pt x 346.896pt>
File: Analysis/Ni_56Co.png Graphic file (type png)

<use Analysis/Ni_56Co.png>
Package pdftex.def Info: Analysis/Ni_56Co.png used on input line 1238.
(pdftex.def)             Requested size: 213.39566pt x 160.05048pt.

! Undefined control sequence.
l.1240     \subfloat
                    []{{\includegraphics[width=7.5cm]{Analysis/Ni_58Co.png} }}%
The control sequence at the end of the top line
of your error message was never \def'ed. If you have
misspelled it (e.g., `\hobx'), type `I' and the correct
spelling (e.g., `I\hbox'). Otherwise just continue,
and I'll forget about whatever was undefined.

<Analysis/Ni_58Co.png, id=210, 462.528pt x 346.896pt>
File: Analysis/Ni_58Co.png Graphic file (type png)

<use Analysis/Ni_58Co.png>
Package pdftex.def Info: Analysis/Ni_58Co.png used on input line 1240.
(pdftex.def)             Requested size: 213.39566pt x 160.05048pt.

! Undefined control sequence.
l.1242     \subfloat
                    [caption]{{\includegraphics[width=7.5cm]{Analysis/Cu_62Z...
The control sequence at the end of the top line
of your error message was never \def'ed. If you have
misspelled it (e.g., `\hobx'), type `I' and the correct
spelling (e.g., `I\hbox'). Otherwise just continue,
and I'll forget about whatever was undefined.

<Analysis/Cu_62Zn.png, id=211, 462.528pt x 346.896pt>
File: Analysis/Cu_62Zn.png Graphic file (type png)

<use Analysis/Cu_62Zn.png>
Package pdftex.def Info: Analysis/Cu_62Zn.png used on input line 1242.
(pdftex.def)             Requested size: 213.39566pt x 160.05048pt.

! Undefined control sequence.
l.1244     \subfloat
                    []{{\includegraphics[width=7.5cm]{Analysis/Cu_63Zn.png} }}%
The control sequence at the end of the top line
of your error message was never \def'ed. If you have
misspelled it (e.g., `\hobx'), type `I' and the correct
spelling (e.g., `I\hbox'). Otherwise just continue,
and I'll forget about whatever was undefined.

<Analysis/Cu_63Zn.png, id=212, 462.528pt x 346.896pt>
File: Analysis/Cu_63Zn.png Graphic file (type png)

<use Analysis/Cu_63Zn.png>
Package pdftex.def Info: Analysis/Cu_63Zn.png used on input line 1244.
(pdftex.def)             Requested size: 213.39566pt x 160.05048pt.

! Undefined control sequence.
l.1246     \subfloat
                    []{{\includegraphics[width=7.5cm]{Analysis/Cu_65Zn.png} }}%
The control sequence at the end of the top line
of your error message was never \def'ed. If you have
misspelled it (e.g., `\hobx'), type `I' and the correct
spelling (e.g., `I\hbox'). Otherwise just continue,
and I'll forget about whatever was undefined.

<Analysis/Cu_65Zn.png, id=213, 462.528pt x 346.896pt>
File: Analysis/Cu_65Zn.png Graphic file (type png)

<use Analysis/Cu_65Zn.png>
Package pdftex.def Info: Analysis/Cu_65Zn.png used on input line 1246.
(pdftex.def)             Requested size: 213.39566pt x 160.05048pt.
 [44 <./Analysis/Compartment_6.png>] [45 <./Analysis/beamcurrent_B_0_D_0.png> <
./Analysis/beamcurrent_B_+2_D_+4,25.png>] [46 <./Analysis/Fe_56Co.png> <./Analy
sis/Ni_61Cu.png> <./Analysis/Ni_56Co.png> <./Analysis/Ni_58Co.png> <./Analysis/
Cu_62Zn.png> <./Analysis/Cu_63Zn.png> <./Analysis/Cu_65Zn.png>] (./main2.aux)

LaTeX Warning: There were undefined references.


LaTeX Warning: Label(s) may have changed. Rerun to get cross-references right.

 ) 
Here is how much of TeX's memory you used:
 7197 strings out of 493089
 105215 string characters out of 6134843
 224244 words of memory out of 5000000
 10529 multiletter control sequences out of 15000+600000
 15721 words of font info for 56 fonts, out of 8000000 for 9000
 1141 hyphenation exceptions out of 8191
 38i,17n,43p,3045b,307s stack positions out of 5000i,500n,10000p,200000b,80000s
</usr/local/texlive/2015/texmf-dist/fonts/type1/public/amsfonts/cm/cmbx10.pfb
></usr/local/texlive/2015/texmf-dist/fonts/type1/public/amsfonts/cm/cmbx12.pfb>
</usr/local/texlive/2015/texmf-dist/fonts/type1/public/amsfonts/cm/cmbx8.pfb></
usr/local/texlive/2015/texmf-dist/fonts/type1/public/amsfonts/cm/cmex10.pfb></u
sr/local/texlive/2015/texmf-dist/fonts/type1/public/amsfonts/cm/cmmi10.pfb></us
r/local/texlive/2015/texmf-dist/fonts/type1/public/amsfonts/cm/cmmi6.pfb></usr/
local/texlive/2015/texmf-dist/fonts/type1/public/amsfonts/cm/cmmi8.pfb></usr/lo
cal/texlive/2015/texmf-dist/fonts/type1/public/amsfonts/cm/cmmi9.pfb></usr/loca
l/texlive/2015/texmf-dist/fonts/type1/public/amsfonts/cm/cmr10.pfb></usr/local/
texlive/2015/texmf-dist/fonts/type1/public/amsfonts/cm/cmr12.pfb></usr/local/te
xlive/2015/texmf-dist/fonts/type1/public/amsfonts/cm/cmr17.pfb></usr/local/texl
ive/2015/texmf-dist/fonts/type1/public/amsfonts/cm/cmr6.pfb></usr/local/texlive
/2015/texmf-dist/fonts/type1/public/amsfonts/cm/cmr7.pfb></usr/local/texlive/20
15/texmf-dist/fonts/type1/public/amsfonts/cm/cmr8.pfb></usr/local/texlive/2015/
texmf-dist/fonts/type1/public/amsfonts/cm/cmr9.pfb></usr/local/texlive/2015/tex
mf-dist/fonts/type1/public/amsfonts/cm/cmsy10.pfb></usr/local/texlive/2015/texm
f-dist/fonts/type1/public/amsfonts/cm/cmsy6.pfb></usr/local/texlive/2015/texmf-
dist/fonts/type1/public/amsfonts/cm/cmsy8.pfb></usr/local/texlive/2015/texmf-di
st/fonts/type1/public/amsfonts/cm/cmsy9.pfb></usr/local/texlive/2015/texmf-dist
/fonts/type1/public/amsfonts/cm/cmti10.pfb></usr/local/texlive/2015/texmf-dist/
fonts/type1/public/amsfonts/cm/cmtt10.pfb>
Output written on main2.pdf (46 pages, 14925645 bytes).
PDF statistics:
 302 PDF objects out of 1000 (max. 8388607)
 176 compressed objects within 2 object streams
 0 named destinations out of 1000 (max. 500000)
 151 words of extra memory for PDF output out of 10000 (max. 10000000)

