This is pdfTeX, Version 3.14159265-2.6-1.40.16 (TeX Live 2015) (preloaded format=pdflatex 2016.2.6)  8 MAR 2020 16:13
entering extended mode
 restricted \write18 enabled.
 %&-line parsing enabled.
**main.tex
(./main.tex
LaTeX2e <2015/01/01>
Babel <3.9l> and hyphenation patterns for 79 languages loaded.
(/usr/local/texlive/2015/texmf-dist/tex/latex/base/book.cls
Document Class: book 2014/09/29 v1.4h Standard LaTeX document class
(/usr/local/texlive/2015/texmf-dist/tex/latex/base/bk11.clo
File: bk11.clo 2014/09/29 v1.4h Standard LaTeX file (size option)
)
\c@part=\count79
\c@chapter=\count80
\c@section=\count81
\c@subsection=\count82
\c@subsubsection=\count83
\c@paragraph=\count84
\c@subparagraph=\count85
\c@figure=\count86
\c@table=\count87
\abovecaptionskip=\skip41
\belowcaptionskip=\skip42
\bibindent=\dimen102
)
(/usr/local/texlive/2015/texmf-dist/tex/latex/base/inputenc.sty
Package: inputenc 2015/03/17 v1.2c Input encoding file
\inpenc@prehook=\toks14
\inpenc@posthook=\toks15

(/usr/local/texlive/2015/texmf-dist/tex/latex/base/utf8.def
File: utf8.def 2014/09/29 v1.1m UTF-8 support for inputenc
Now handling font encoding OML ...
... no UTF-8 mapping file for font encoding OML
Now handling font encoding T1 ...
... processing UTF-8 mapping file for font encoding T1

(/usr/local/texlive/2015/texmf-dist/tex/latex/base/t1enc.dfu
File: t1enc.dfu 2014/09/29 v1.1m UTF-8 support for inputenc
   defining Unicode char U+00A1 (decimal 161)
   defining Unicode char U+00A3 (decimal 163)
   defining Unicode char U+00AB (decimal 171)
   defining Unicode char U+00BB (decimal 187)
   defining Unicode char U+00BF (decimal 191)
   defining Unicode char U+00C0 (decimal 192)
   defining Unicode char U+00C1 (decimal 193)
   defining Unicode char U+00C2 (decimal 194)
   defining Unicode char U+00C3 (decimal 195)
   defining Unicode char U+00C4 (decimal 196)
   defining Unicode char U+00C5 (decimal 197)
   defining Unicode char U+00C6 (decimal 198)
   defining Unicode char U+00C7 (decimal 199)
   defining Unicode char U+00C8 (decimal 200)
   defining Unicode char U+00C9 (decimal 201)
   defining Unicode char U+00CA (decimal 202)
   defining Unicode char U+00CB (decimal 203)
   defining Unicode char U+00CC (decimal 204)
   defining Unicode char U+00CD (decimal 205)
   defining Unicode char U+00CE (decimal 206)
   defining Unicode char U+00CF (decimal 207)
   defining Unicode char U+00D0 (decimal 208)
   defining Unicode char U+00D1 (decimal 209)
   defining Unicode char U+00D2 (decimal 210)
   defining Unicode char U+00D3 (decimal 211)
   defining Unicode char U+00D4 (decimal 212)
   defining Unicode char U+00D5 (decimal 213)
   defining Unicode char U+00D6 (decimal 214)
   defining Unicode char U+00D8 (decimal 216)
   defining Unicode char U+00D9 (decimal 217)
   defining Unicode char U+00DA (decimal 218)
   defining Unicode char U+00DB (decimal 219)
   defining Unicode char U+00DC (decimal 220)
   defining Unicode char U+00DD (decimal 221)
   defining Unicode char U+00DE (decimal 222)
   defining Unicode char U+00DF (decimal 223)
   defining Unicode char U+00E0 (decimal 224)
   defining Unicode char U+00E1 (decimal 225)
   defining Unicode char U+00E2 (decimal 226)
   defining Unicode char U+00E3 (decimal 227)
   defining Unicode char U+00E4 (decimal 228)
   defining Unicode char U+00E5 (decimal 229)
   defining Unicode char U+00E6 (decimal 230)
   defining Unicode char U+00E7 (decimal 231)
   defining Unicode char U+00E8 (decimal 232)
   defining Unicode char U+00E9 (decimal 233)
   defining Unicode char U+00EA (decimal 234)
   defining Unicode char U+00EB (decimal 235)
   defining Unicode char U+00EC (decimal 236)
   defining Unicode char U+00ED (decimal 237)
   defining Unicode char U+00EE (decimal 238)
   defining Unicode char U+00EF (decimal 239)
   defining Unicode char U+00F0 (decimal 240)
   defining Unicode char U+00F1 (decimal 241)
   defining Unicode char U+00F2 (decimal 242)
   defining Unicode char U+00F3 (decimal 243)
   defining Unicode char U+00F4 (decimal 244)
   defining Unicode char U+00F5 (decimal 245)
   defining Unicode char U+00F6 (decimal 246)
   defining Unicode char U+00F8 (decimal 248)
   defining Unicode char U+00F9 (decimal 249)
   defining Unicode char U+00FA (decimal 250)
   defining Unicode char U+00FB (decimal 251)
   defining Unicode char U+00FC (decimal 252)
   defining Unicode char U+00FD (decimal 253)
   defining Unicode char U+00FE (decimal 254)
   defining Unicode char U+00FF (decimal 255)
   defining Unicode char U+0102 (decimal 258)
   defining Unicode char U+0103 (decimal 259)
   defining Unicode char U+0104 (decimal 260)
   defining Unicode char U+0105 (decimal 261)
   defining Unicode char U+0106 (decimal 262)
   defining Unicode char U+0107 (decimal 263)
   defining Unicode char U+010C (decimal 268)
   defining Unicode char U+010D (decimal 269)
   defining Unicode char U+010E (decimal 270)
   defining Unicode char U+010F (decimal 271)
   defining Unicode char U+0110 (decimal 272)
   defining Unicode char U+0111 (decimal 273)
   defining Unicode char U+0118 (decimal 280)
   defining Unicode char U+0119 (decimal 281)
   defining Unicode char U+011A (decimal 282)
   defining Unicode char U+011B (decimal 283)
   defining Unicode char U+011E (decimal 286)
   defining Unicode char U+011F (decimal 287)
   defining Unicode char U+0130 (decimal 304)
   defining Unicode char U+0131 (decimal 305)
   defining Unicode char U+0132 (decimal 306)
   defining Unicode char U+0133 (decimal 307)
   defining Unicode char U+0139 (decimal 313)
   defining Unicode char U+013A (decimal 314)
   defining Unicode char U+013D (decimal 317)
   defining Unicode char U+013E (decimal 318)
   defining Unicode char U+0141 (decimal 321)
   defining Unicode char U+0142 (decimal 322)
   defining Unicode char U+0143 (decimal 323)
   defining Unicode char U+0144 (decimal 324)
   defining Unicode char U+0147 (decimal 327)
   defining Unicode char U+0148 (decimal 328)
   defining Unicode char U+014A (decimal 330)
   defining Unicode char U+014B (decimal 331)
   defining Unicode char U+0150 (decimal 336)
   defining Unicode char U+0151 (decimal 337)
   defining Unicode char U+0152 (decimal 338)
   defining Unicode char U+0153 (decimal 339)
   defining Unicode char U+0154 (decimal 340)
   defining Unicode char U+0155 (decimal 341)
   defining Unicode char U+0158 (decimal 344)
   defining Unicode char U+0159 (decimal 345)
   defining Unicode char U+015A (decimal 346)
   defining Unicode char U+015B (decimal 347)
   defining Unicode char U+015E (decimal 350)
   defining Unicode char U+015F (decimal 351)
   defining Unicode char U+0160 (decimal 352)
   defining Unicode char U+0161 (decimal 353)
   defining Unicode char U+0162 (decimal 354)
   defining Unicode char U+0163 (decimal 355)
   defining Unicode char U+0164 (decimal 356)
   defining Unicode char U+0165 (decimal 357)
   defining Unicode char U+016E (decimal 366)
   defining Unicode char U+016F (decimal 367)
   defining Unicode char U+0170 (decimal 368)
   defining Unicode char U+0171 (decimal 369)
   defining Unicode char U+0178 (decimal 376)
   defining Unicode char U+0179 (decimal 377)
   defining Unicode char U+017A (decimal 378)
   defining Unicode char U+017B (decimal 379)
   defining Unicode char U+017C (decimal 380)
   defining Unicode char U+017D (decimal 381)
   defining Unicode char U+017E (decimal 382)
   defining Unicode char U+200C (decimal 8204)
   defining Unicode char U+2013 (decimal 8211)
   defining Unicode char U+2014 (decimal 8212)
   defining Unicode char U+2018 (decimal 8216)
   defining Unicode char U+2019 (decimal 8217)
   defining Unicode char U+201A (decimal 8218)
   defining Unicode char U+201C (decimal 8220)
   defining Unicode char U+201D (decimal 8221)
   defining Unicode char U+201E (decimal 8222)
   defining Unicode char U+2030 (decimal 8240)
   defining Unicode char U+2031 (decimal 8241)
   defining Unicode char U+2039 (decimal 8249)
   defining Unicode char U+203A (decimal 8250)
   defining Unicode char U+2423 (decimal 9251)
)
Now handling font encoding OT1 ...
... processing UTF-8 mapping file for font encoding OT1

(/usr/local/texlive/2015/texmf-dist/tex/latex/base/ot1enc.dfu
File: ot1enc.dfu 2014/09/29 v1.1m UTF-8 support for inputenc
   defining Unicode char U+00A1 (decimal 161)
   defining Unicode char U+00A3 (decimal 163)
   defining Unicode char U+00B8 (decimal 184)
   defining Unicode char U+00BF (decimal 191)
   defining Unicode char U+00C5 (decimal 197)
   defining Unicode char U+00C6 (decimal 198)
   defining Unicode char U+00D8 (decimal 216)
   defining Unicode char U+00DF (decimal 223)
   defining Unicode char U+00E6 (decimal 230)
   defining Unicode char U+00EC (decimal 236)
   defining Unicode char U+00ED (decimal 237)
   defining Unicode char U+00EE (decimal 238)
   defining Unicode char U+00EF (decimal 239)
   defining Unicode char U+00F8 (decimal 248)
   defining Unicode char U+0131 (decimal 305)
   defining Unicode char U+0141 (decimal 321)
   defining Unicode char U+0142 (decimal 322)
   defining Unicode char U+0152 (decimal 338)
   defining Unicode char U+0153 (decimal 339)
   defining Unicode char U+2013 (decimal 8211)
   defining Unicode char U+2014 (decimal 8212)
   defining Unicode char U+2018 (decimal 8216)
   defining Unicode char U+2019 (decimal 8217)
   defining Unicode char U+201C (decimal 8220)
   defining Unicode char U+201D (decimal 8221)
)
Now handling font encoding OMS ...
... processing UTF-8 mapping file for font encoding OMS

(/usr/local/texlive/2015/texmf-dist/tex/latex/base/omsenc.dfu
File: omsenc.dfu 2014/09/29 v1.1m UTF-8 support for inputenc
   defining Unicode char U+00A7 (decimal 167)
   defining Unicode char U+00B6 (decimal 182)
   defining Unicode char U+00B7 (decimal 183)
   defining Unicode char U+2020 (decimal 8224)
   defining Unicode char U+2021 (decimal 8225)
   defining Unicode char U+2022 (decimal 8226)
)
Now handling font encoding OMX ...
... no UTF-8 mapping file for font encoding OMX
Now handling font encoding U ...
... no UTF-8 mapping file for font encoding U
   defining Unicode char U+00A9 (decimal 169)
   defining Unicode char U+00AA (decimal 170)
   defining Unicode char U+00AE (decimal 174)
   defining Unicode char U+00BA (decimal 186)
   defining Unicode char U+02C6 (decimal 710)
   defining Unicode char U+02DC (decimal 732)
   defining Unicode char U+200C (decimal 8204)
   defining Unicode char U+2026 (decimal 8230)
   defining Unicode char U+2122 (decimal 8482)
   defining Unicode char U+2423 (decimal 9251)
))
(/usr/local/texlive/2015/texmf-dist/tex/latex/geometry/geometry.sty
Package: geometry 2010/09/12 v5.6 Page Geometry

(/usr/local/texlive/2015/texmf-dist/tex/latex/graphics/keyval.sty
Package: keyval 2014/10/28 v1.15 key=value parser (DPC)
\KV@toks@=\toks16
)
(/usr/local/texlive/2015/texmf-dist/tex/generic/oberdiek/ifpdf.sty
Package: ifpdf 2011/01/30 v2.3 Provides the ifpdf switch (HO)
Package ifpdf Info: pdfTeX in PDF mode is detected.
)
(/usr/local/texlive/2015/texmf-dist/tex/generic/oberdiek/ifvtex.sty
Package: ifvtex 2010/03/01 v1.5 Detect VTeX and its facilities (HO)
Package ifvtex Info: VTeX not detected.
)
(/usr/local/texlive/2015/texmf-dist/tex/generic/ifxetex/ifxetex.sty
Package: ifxetex 2010/09/12 v0.6 Provides ifxetex conditional
)
\Gm@cnth=\count88
\Gm@cntv=\count89
\c@Gm@tempcnt=\count90
\Gm@bindingoffset=\dimen103
\Gm@wd@mp=\dimen104
\Gm@odd@mp=\dimen105
\Gm@even@mp=\dimen106
\Gm@layoutwidth=\dimen107
\Gm@layoutheight=\dimen108
\Gm@layouthoffset=\dimen109
\Gm@layoutvoffset=\dimen110
\Gm@dimlist=\toks17
)
(/usr/local/texlive/2015/texmf-dist/tex/latex/subfiles/subfiles.sty
Package: subfiles 2012/05/23 Federico Garcia

(/usr/local/texlive/2015/texmf-dist/tex/latex/tools/verbatim.sty
Package: verbatim 2014/10/28 v1.5q LaTeX2e package for verbatim enhancements
\every@verbatim=\toks18
\verbatim@line=\toks19
\verbatim@in@stream=\read1
))
(/usr/local/texlive/2015/texmf-dist/tex/latex/makecell/makecell.sty
Package: makecell 2009/08/03 V0.1e Managing of Tab Column Heads and Cells

(/usr/local/texlive/2015/texmf-dist/tex/latex/tools/array.sty
Package: array 2014/10/28 v2.4c Tabular extension package (FMi)
\col@sep=\dimen111
\extrarowheight=\dimen112
\NC@list=\toks20
\extratabsurround=\skip43
\backup@length=\skip44
)
\rotheadsize=\dimen113
\c@nlinenum=\count91
\TeXr@lab=\toks21
)
(/usr/local/texlive/2015/texmf-dist/tex/latex/graphics/graphicx.sty
Package: graphicx 2014/10/28 v1.0g Enhanced LaTeX Graphics (DPC,SPQR)

(/usr/local/texlive/2015/texmf-dist/tex/latex/graphics/graphics.sty
Package: graphics 2014/10/28 v1.0p Standard LaTeX Graphics (DPC,SPQR)

(/usr/local/texlive/2015/texmf-dist/tex/latex/graphics/trig.sty
Package: trig 1999/03/16 v1.09 sin cos tan (DPC)
)
(/usr/local/texlive/2015/texmf-dist/tex/latex/latexconfig/graphics.cfg
File: graphics.cfg 2010/04/23 v1.9 graphics configuration of TeX Live
)
Package graphics Info: Driver file: pdftex.def on input line 94.

(/usr/local/texlive/2015/texmf-dist/tex/latex/pdftex-def/pdftex.def
File: pdftex.def 2011/05/27 v0.06d Graphics/color for pdfTeX

(/usr/local/texlive/2015/texmf-dist/tex/generic/oberdiek/infwarerr.sty
Package: infwarerr 2010/04/08 v1.3 Providing info/warning/error messages (HO)
)
(/usr/local/texlive/2015/texmf-dist/tex/generic/oberdiek/ltxcmds.sty
Package: ltxcmds 2011/11/09 v1.22 LaTeX kernel commands for general use (HO)
)
\Gread@gobject=\count92
))
\Gin@req@height=\dimen114
\Gin@req@width=\dimen115
)
(/usr/local/texlive/2015/texmf-dist/tex/latex/caption/caption.sty
Package: caption 2013/05/02 v3.3-89 Customizing captions (AR)

(/usr/local/texlive/2015/texmf-dist/tex/latex/caption/caption3.sty
Package: caption3 2013/05/02 v1.6-88 caption3 kernel (AR)
Package caption3 Info: TeX engine: e-TeX on input line 57.
\captionmargin=\dimen116
\captionmargin@=\dimen117
\captionwidth=\dimen118
\caption@tempdima=\dimen119
\caption@indent=\dimen120
\caption@parindent=\dimen121
\caption@hangindent=\dimen122
)
\c@ContinuedFloat=\count93
)
(/usr/local/texlive/2015/texmf-dist/tex/latex/caption/subcaption.sty
Package: subcaption 2013/02/03 v1.1-62 Sub-captions (AR)
\c@subfigure=\count94
\c@subtable=\count95
)
(/usr/local/texlive/2015/texmf-dist/tex/latex/amsmath/amsmath.sty
Package: amsmath 2013/01/14 v2.14 AMS math features
\@mathmargin=\skip45

For additional information on amsmath, use the `?' option.
(/usr/local/texlive/2015/texmf-dist/tex/latex/amsmath/amstext.sty
Package: amstext 2000/06/29 v2.01

(/usr/local/texlive/2015/texmf-dist/tex/latex/amsmath/amsgen.sty
File: amsgen.sty 1999/11/30 v2.0
\@emptytoks=\toks22
\ex@=\dimen123
))
(/usr/local/texlive/2015/texmf-dist/tex/latex/amsmath/amsbsy.sty
Package: amsbsy 1999/11/29 v1.2d
\pmbraise@=\dimen124
)
(/usr/local/texlive/2015/texmf-dist/tex/latex/amsmath/amsopn.sty
Package: amsopn 1999/12/14 v2.01 operator names
)
\inf@bad=\count96
LaTeX Info: Redefining \frac on input line 210.
\uproot@=\count97
\leftroot@=\count98
LaTeX Info: Redefining \overline on input line 306.
\classnum@=\count99
\DOTSCASE@=\count100
LaTeX Info: Redefining \ldots on input line 378.
LaTeX Info: Redefining \dots on input line 381.
LaTeX Info: Redefining \cdots on input line 466.
\Mathstrutbox@=\box26
\strutbox@=\box27
\big@size=\dimen125
LaTeX Font Info:    Redeclaring font encoding OML on input line 566.
LaTeX Font Info:    Redeclaring font encoding OMS on input line 567.
\macc@depth=\count101
\c@MaxMatrixCols=\count102
\dotsspace@=\muskip10
\c@parentequation=\count103
\dspbrk@lvl=\count104
\tag@help=\toks23
\row@=\count105
\column@=\count106
\maxfields@=\count107
\andhelp@=\toks24
\eqnshift@=\dimen126
\alignsep@=\dimen127
\tagshift@=\dimen128
\tagwidth@=\dimen129
\totwidth@=\dimen130
\lineht@=\dimen131
\@envbody=\toks25
\multlinegap=\skip46
\multlinetaggap=\skip47
\mathdisplay@stack=\toks26
LaTeX Info: Redefining \[ on input line 2665.
LaTeX Info: Redefining \] on input line 2666.
)
(/usr/local/texlive/2015/texmf-dist/tex/latex/xcolor/xcolor.sty
Package: xcolor 2007/01/21 v2.11 LaTeX color extensions (UK)

(/usr/local/texlive/2015/texmf-dist/tex/latex/latexconfig/color.cfg
File: color.cfg 2007/01/18 v1.5 color configuration of teTeX/TeXLive
)
Package xcolor Info: Driver file: pdftex.def on input line 225.
Package xcolor Info: Model `cmy' substituted by `cmy0' on input line 1337.
Package xcolor Info: Model `hsb' substituted by `rgb' on input line 1341.
Package xcolor Info: Model `RGB' extended on input line 1353.
Package xcolor Info: Model `HTML' substituted by `rgb' on input line 1355.
Package xcolor Info: Model `Hsb' substituted by `hsb' on input line 1356.
Package xcolor Info: Model `tHsb' substituted by `hsb' on input line 1357.
Package xcolor Info: Model `HSB' substituted by `hsb' on input line 1358.
Package xcolor Info: Model `Gray' substituted by `gray' on input line 1359.
Package xcolor Info: Model `wave' substituted by `hsb' on input line 1360.
)
(/usr/local/texlive/2015/texmf-dist/tex/latex/comment/comment.sty
\CommentStream=\write3

Excluding comment 'comment')
(/usr/local/texlive/2015/texmf-dist/tex/latex/fancyhdr/fancyhdr.sty
\fancy@headwidth=\skip48
\f@ncyO@elh=\skip49
\f@ncyO@erh=\skip50
\f@ncyO@olh=\skip51
\f@ncyO@orh=\skip52
\f@ncyO@elf=\skip53
\f@ncyO@erf=\skip54
\f@ncyO@olf=\skip55
\f@ncyO@orf=\skip56
)
(/usr/local/texlive/2015/texmf-dist/tex/latex/listings/listings.sty
\lst@mode=\count108
\lst@gtempboxa=\box28
\lst@token=\toks27
\lst@length=\count109
\lst@currlwidth=\dimen132
\lst@column=\count110
\lst@pos=\count111
\lst@lostspace=\dimen133
\lst@width=\dimen134
\lst@newlines=\count112
\lst@lineno=\count113
\lst@maxwidth=\dimen135

(/usr/local/texlive/2015/texmf-dist/tex/latex/listings/lstmisc.sty
File: lstmisc.sty 2014/09/06 1.5e (Carsten Heinz)
\c@lstnumber=\count114
\lst@skipnumbers=\count115
\lst@framebox=\box29
)
(/usr/local/texlive/2015/texmf-dist/tex/latex/listings/listings.cfg
File: listings.cfg 2014/09/06 1.5e listings configuration
))
Package: listings 2014/09/06 1.5e (Carsten Heinz)

(./main.aux

LaTeX Warning: Label `eq:Lorentz' multiply defined.

)
\openout1 = `main.aux'.

LaTeX Font Info:    Checking defaults for OML/cmm/m/it on input line 47.
LaTeX Font Info:    ... okay on input line 47.
LaTeX Font Info:    Checking defaults for T1/cmr/m/n on input line 47.
LaTeX Font Info:    ... okay on input line 47.
LaTeX Font Info:    Checking defaults for OT1/cmr/m/n on input line 47.
LaTeX Font Info:    ... okay on input line 47.
LaTeX Font Info:    Checking defaults for OMS/cmsy/m/n on input line 47.
LaTeX Font Info:    ... okay on input line 47.
LaTeX Font Info:    Checking defaults for OMX/cmex/m/n on input line 47.
LaTeX Font Info:    ... okay on input line 47.
LaTeX Font Info:    Checking defaults for U/cmr/m/n on input line 47.
LaTeX Font Info:    ... okay on input line 47.

*geometry* driver: auto-detecting
*geometry* detected driver: pdftex
*geometry* verbose mode - [ preamble ] result:
* driver: pdftex
* paper: a4paper
* layout: <same size as paper>
* layoutoffset:(h,v)=(0.0pt,0.0pt)
* modes: twoside 
* h-part:(L,W,R)=(57.81621pt, 481.87546pt, 57.81621pt)
* v-part:(T,H,B)=(57.81621pt, 729.41443pt, 57.81621pt)
* \paperwidth=597.50787pt
* \paperheight=845.04684pt
* \textwidth=481.87546pt
* \textheight=729.41443pt
* \oddsidemargin=-14.45378pt
* \evensidemargin=-14.45378pt
* \topmargin=-46.32758pt
* \headheight=12.0pt
* \headsep=19.8738pt
* \topskip=11.0pt
* \footskip=27.46295pt
* \marginparwidth=106.0pt
* \marginparsep=7.0pt
* \columnsep=10.0pt
* \skip\footins=10.0pt plus 4.0pt minus 2.0pt
* \hoffset=0.0pt
* \voffset=0.0pt
* \mag=1000
* \@twocolumnfalse
* \@twosidetrue
* \@mparswitchtrue
* \@reversemarginfalse
* (1in=72.27pt=25.4mm, 1cm=28.453pt)

(/usr/local/texlive/2015/texmf-dist/tex/context/base/supp-pdf.mkii
[Loading MPS to PDF converter (version 2006.09.02).]
\scratchcounter=\count116
\scratchdimen=\dimen136
\scratchbox=\box30
\nofMPsegments=\count117
\nofMParguments=\count118
\everyMPshowfont=\toks28
\MPscratchCnt=\count119
\MPscratchDim=\dimen137
\MPnumerator=\count120
\makeMPintoPDFobject=\count121
\everyMPtoPDFconversion=\toks29
) (/usr/local/texlive/2015/texmf-dist/tex/generic/oberdiek/pdftexcmds.sty
Package: pdftexcmds 2011/11/29 v0.20 Utility functions of pdfTeX for LuaTeX (HO
)

(/usr/local/texlive/2015/texmf-dist/tex/generic/oberdiek/ifluatex.sty
Package: ifluatex 2010/03/01 v1.3 Provides the ifluatex switch (HO)
Package ifluatex Info: LuaTeX not detected.
)
Package pdftexcmds Info: LuaTeX not detected.
Package pdftexcmds Info: \pdf@primitive is available.
Package pdftexcmds Info: \pdf@ifprimitive is available.
Package pdftexcmds Info: \pdfdraftmode found.
)
(/usr/local/texlive/2015/texmf-dist/tex/latex/oberdiek/epstopdf-base.sty
Package: epstopdf-base 2010/02/09 v2.5 Base part for package epstopdf

(/usr/local/texlive/2015/texmf-dist/tex/latex/oberdiek/grfext.sty
Package: grfext 2010/08/19 v1.1 Manage graphics extensions (HO)

(/usr/local/texlive/2015/texmf-dist/tex/generic/oberdiek/kvdefinekeys.sty
Package: kvdefinekeys 2011/04/07 v1.3 Define keys (HO)
))
(/usr/local/texlive/2015/texmf-dist/tex/latex/oberdiek/kvoptions.sty
Package: kvoptions 2011/06/30 v3.11 Key value format for package options (HO)

(/usr/local/texlive/2015/texmf-dist/tex/generic/oberdiek/kvsetkeys.sty
Package: kvsetkeys 2012/04/25 v1.16 Key value parser (HO)

(/usr/local/texlive/2015/texmf-dist/tex/generic/oberdiek/etexcmds.sty
Package: etexcmds 2011/02/16 v1.5 Avoid name clashes with e-TeX commands (HO)
Package etexcmds Info: Could not find \expanded.
(etexcmds)             That can mean that you are not using pdfTeX 1.50 or
(etexcmds)             that some package has redefined \expanded.
(etexcmds)             In the latter case, load this package earlier.
)))
Package grfext Info: Graphics extension search list:
(grfext)             [.png,.pdf,.jpg,.mps,.jpeg,.jbig2,.jb2,.PNG,.PDF,.JPG,.JPE
G,.JBIG2,.JB2,.eps]
(grfext)             \AppendGraphicsExtensions on input line 452.

(/usr/local/texlive/2015/texmf-dist/tex/latex/latexconfig/epstopdf-sys.cfg
File: epstopdf-sys.cfg 2010/07/13 v1.3 Configuration of (r)epstopdf for TeX Liv
e
))
Package caption Info: Begin \AtBeginDocument code.
Package caption Info: listings package is loaded.
Package caption Info: End \AtBeginDocument code.
\c@lstlisting=\count122

[1


{/usr/local/texlive/2015/texmf-var/fonts/map/pdftex/updmap/pdftex.map}]

Package Fancyhdr Warning: \headheight is too small (12.0pt): 
 Make it at least 13.59999pt.
 We now make it that large for the rest of the document.
 This may cause the page layout to be inconsistent, however.

[2

] (./main.toc [3])
\tf@toc=\write4
\openout4 = `main.toc'.

 [4] (./Introduction.tex
Chapter 1.
) (./Theory.tex [5

] [6

]
Chapter 2.

Underfull \hbox (badness 10000) in paragraph at lines 11--12

 []

<Theory/internal_vs_external.png, id=26, 415.5525pt x 283.0575pt>
File: Theory/internal_vs_external.png Graphic file (type png)

<use Theory/internal_vs_external.png>
Package pdftex.def Info: Theory/internal_vs_external.png used on input line 20.

(pdftex.def)             Requested size: 240.93773pt x 164.11731pt.


LaTeX Warning: Citation `figure_internal_external' on page 7 undefined on input
 line 21.


LaTeX Warning: Citation `figure_internal_external' on page 7 undefined on input
 line 21.


Underfull \vbox (badness 10000) has occurred while \output is active []

 [7])
(./Experiment.tex [8 <./Theory/internal_vs_external.png>]
Chapter 3.

Underfull \hbox (badness 10000) in paragraph at lines 13--15

 []

<Experiment/LBL_88.png, id=36, 790.955pt x 417.56pt>
File: Experiment/LBL_88.png Graphic file (type png)

<use Experiment/LBL_88.png>
Package pdftex.def Info: Experiment/LBL_88.png used on input line 23.
(pdftex.def)             Requested size: 240.93773pt x 127.19313pt.


LaTeX Warning: Citation `KireeffCovo2018' on page 9 undefined on input line 24.



LaTeX Warning: Citation `KireeffCovo2018' on page 9 undefined on input line 24.


[9

 <./Experiment/LBL_88.png>]

LaTeX Warning: Citation `KireeffCovo2018' on page 10 undefined on input line 40
.


Underfull \hbox (badness 10000) in paragraph at lines 71--72

 []


Underfull \hbox (badness 10000) in paragraph at lines 73--75

 []

[10]
Overfull \hbox (29.69136pt too wide) in paragraph at lines 109--166
[][] 
 []


LaTeX Warning: `!h' float specifier changed to `!ht'.

<Experiment/targetframe.JPG, id=51, 2976.11874pt x 2789.42125pt>
File: Experiment/targetframe.JPG Graphic file (type jpg)

<use Experiment/targetframe.JPG>
Package pdftex.def Info: Experiment/targetframe.JPG used on input line 170.
(pdftex.def)             Requested size: 227.62204pt x 213.32619pt.

Underfull \hbox (badness 10000) in paragraph at lines 177--178

 []

[11 <./Experiment/targetframe.JPG>]
Underfull \vbox (badness 1975) has occurred while \output is active []

 [12]
Underfull \hbox (badness 10000) in paragraph at lines 186--187

 []


Underfull \hbox (badness 10000) in paragraph at lines 191--193

 []

<Experiment/cal_sources.png, id=61, 2347.77126pt x 2174.1225pt>
File: Experiment/cal_sources.png Graphic file (type png)

<use Experiment/cal_sources.png>
Package pdftex.def Info: Experiment/cal_sources.png used on input line 201.
(pdftex.def)             Requested size: 227.62204pt x 210.75693pt.
 [13 <./Experiment/cal_sources.png>]
! Misplaced alignment tab character &.
l.237 ...r, a model based upon  Gallagher, W.J., &
                                                   Cipolla, S.J. (1974) was ...
I can't figure out why you would want to use a tab mark
here. If you just want an ampersand, the remedy is
simple: Just type `I\&' now. But if some right brace
up above has ended a previous alignment prematurely,
you're probably due for more error messages, and you
might try typing `S' now just to see what is salvageable.

! Undefined control sequence.
<argument> ...\z@ \footnotesep \ignorespaces \url 
                                                  {https://docs.scipy.org/do...
l.243 ...generated/scipy.optimize.curve_fit.html}}
                                                  . An example of an efficie...
The control sequence at the end of the top line
of your error message was never \def'ed. If you have
misspelled it (e.g., `\hobx'), type `I' and the correct
spelling (e.g., `I\hbox'). Otherwise just continue,
and I'll forget about whatever was undefined.

! Missing $ inserted.
<inserted text> 
                $
l.243 ...generated/scipy.optimize.curve_fit.html}}
                                                  . An example of an efficie...
I've inserted a begin-math/end-math symbol since I think
you left one out. Proceed, with fingers crossed.

! Extra }, or forgotten $.
<argument> ...rated/scipy.optimize.curve_fit.html}
                                                  \@finalstrut \strutbox 
l.243 ...generated/scipy.optimize.curve_fit.html}}
                                                  . An example of an efficie...
I've deleted a group-closing symbol because it seems to be
spurious, as in `$x}$'. But perhaps the } is legitimate and
you forgot something else, as in `\hbox{$x}'. In such cases
the way to recover is to insert both the forgotten and the
deleted material, e.g., by typing `I$}'.

! Missing $ inserted.
<inserted text> 
                $
l.243 ...generated/scipy.optimize.curve_fit.html}}
                                                  . An example of an efficie...
I've inserted a begin-math/end-math symbol since I think
you left one out. Proceed, with fingers crossed.

! Missing } inserted.
<inserted text> 
                }
l.243 ...generated/scipy.optimize.curve_fit.html}}
                                                  . An example of an efficie...
I've inserted something that you may have forgotten.
(See the <inserted text> above.)
With luck, this will get me unwedged. But if you
really didn't forget anything, try typing `2' now; then
my insertion and my current dilemma will both disappear.

<Experiment/room131_15.png, id=67, 462.528pt x 346.896pt>
File: Experiment/room131_15.png Graphic file (type png)

<use Experiment/room131_15.png>
Package pdftex.def Info: Experiment/room131_15.png used on input line 247.
(pdftex.def)             Requested size: 227.62204pt x 170.71628pt.


LaTeX Warning: No positions in optional float specifier.
               Default added (so using `tbp') on input line 253.

! Missing $ inserted.
<inserted text> 
                $
l.259 ... \multicolumn{2}{|c}{\makecell{^{137}Cs}}
                                                   & \multicolumn{2}{c}{\mak...
I've inserted a begin-math/end-math symbol since I think
you left one out. Proceed, with fingers crossed.

! Missing $ inserted.
<inserted text> 
                $
l.259 ... \multicolumn{2}{|c}{\makecell{^{137}Cs}}
                                                   & \multicolumn{2}{c}{\mak...
I've inserted something that you may have forgotten.
(See the <inserted text> above.)
With luck, this will get me unwedged. But if you
really didn't forget anything, try typing `2' now; then
my insertion and my current dilemma will both disappear.

! Missing $ inserted.
<inserted text> 
                $
l.259 ...& \multicolumn{2}{c}{\makecell{^{133}Ba}}
                                                   & \multicolumn{2}{c|}{\ma...
I've inserted a begin-math/end-math symbol since I think
you left one out. Proceed, with fingers crossed.

! Missing $ inserted.
<inserted text> 
                $
l.259 ...& \multicolumn{2}{c}{\makecell{^{133}Ba}}
                                                   & \multicolumn{2}{c|}{\ma...
I've inserted something that you may have forgotten.
(See the <inserted text> above.)
With luck, this will get me unwedged. But if you
really didn't forget anything, try typing `2' now; then
my insertion and my current dilemma will both disappear.

! Missing $ inserted.
<inserted text> 
                $
l.259 ... \multicolumn{2}{c|}{\makecell{^{152}Eu}}
                                                  \\
I've inserted a begin-math/end-math symbol since I think
you left one out. Proceed, with fingers crossed.

! Missing $ inserted.
<inserted text> 
                $
l.259 ... \multicolumn{2}{c|}{\makecell{^{152}Eu}}
                                                  \\
I've inserted something that you may have forgotten.
(See the <inserted text> above.)
With luck, this will get me unwedged. But if you
really didn't forget anything, try typing `2' now; then
my insertion and my current dilemma will both disappear.

! Missing $ inserted.
<inserted text> 
                $
l.262          \makecell{E_\gamma}
                                  & \makecell{I_\gamma}&\makecell{E_\gamma}&...
I've inserted a begin-math/end-math symbol since I think
you left one out. Proceed, with fingers crossed.

! Missing $ inserted.
<inserted text> 
                $
l.262          \makecell{E_\gamma}
                                  & \makecell{I_\gamma}&\makecell{E_\gamma}&...
I've inserted something that you may have forgotten.
(See the <inserted text> above.)
With luck, this will get me unwedged. But if you
really didn't forget anything, try typing `2' now; then
my insertion and my current dilemma will both disappear.

! Missing $ inserted.
<inserted text> 
                $
l.262 ... \makecell{E_\gamma}& \makecell{I_\gamma}
                                                  &\makecell{E_\gamma}& \mak...
I've inserted a begin-math/end-math symbol since I think
you left one out. Proceed, with fingers crossed.

! Missing $ inserted.
<inserted text> 
                $
l.262 ... \makecell{E_\gamma}& \makecell{I_\gamma}
                                                  &\makecell{E_\gamma}& \mak...
I've inserted something that you may have forgotten.
(See the <inserted text> above.)
With luck, this will get me unwedged. But if you
really didn't forget anything, try typing `2' now; then
my insertion and my current dilemma will both disappear.

! Missing $ inserted.
<inserted text> 
                $
l.262 ...& \makecell{I_\gamma}&\makecell{E_\gamma}
                                                  & \makecell{I_\gamma}& \ma...
I've inserted a begin-math/end-math symbol since I think
you left one out. Proceed, with fingers crossed.

! Missing $ inserted.
<inserted text> 
                $
l.262 ...& \makecell{I_\gamma}&\makecell{E_\gamma}
                                                  & \makecell{I_\gamma}& \ma...
I've inserted something that you may have forgotten.
(See the <inserted text> above.)
With luck, this will get me unwedged. But if you
really didn't forget anything, try typing `2' now; then
my insertion and my current dilemma will both disappear.

! Missing $ inserted.
<inserted text> 
                $
l.262 ...&\makecell{E_\gamma}& \makecell{I_\gamma}
                                                  & \makecell{E_\gamma}& \ma...
I've inserted a begin-math/end-math symbol since I think
you left one out. Proceed, with fingers crossed.

! Missing $ inserted.
<inserted text> 
                $
l.262 ...&\makecell{E_\gamma}& \makecell{I_\gamma}
                                                  & \makecell{E_\gamma}& \ma...
I've inserted something that you may have forgotten.
(See the <inserted text> above.)
With luck, this will get me unwedged. But if you
really didn't forget anything, try typing `2' now; then
my insertion and my current dilemma will both disappear.

! Missing $ inserted.
<inserted text> 
                $
l.262 ... \makecell{I_\gamma}& \makecell{E_\gamma}
                                                  & \makecell{I_\gamma}\\
I've inserted a begin-math/end-math symbol since I think
you left one out. Proceed, with fingers crossed.

! Missing $ inserted.
<inserted text> 
                $
l.262 ... \makecell{I_\gamma}& \makecell{E_\gamma}
                                                  & \makecell{I_\gamma}\\
I've inserted something that you may have forgotten.
(See the <inserted text> above.)
With luck, this will get me unwedged. But if you
really didn't forget anything, try typing `2' now; then
my insertion and my current dilemma will both disappear.

! Missing $ inserted.
<inserted text> 
                $
l.262 ... \makecell{E_\gamma}& \makecell{I_\gamma}
                                                  \\
I've inserted a begin-math/end-math symbol since I think
you left one out. Proceed, with fingers crossed.

! Missing $ inserted.
<inserted text> 
                $
l.262 ... \makecell{E_\gamma}& \makecell{I_\gamma}
                                                  \\
I've inserted something that you may have forgotten.
(See the <inserted text> above.)
With luck, this will get me unwedged. But if you
really didn't forget anything, try typing `2' now; then
my insertion and my current dilemma will both disappear.

! Missing $ inserted.
<inserted text> 
                $
l.264          \makecell{32.005^*}
                                   & \makecell{5.63\%^*} & \makecell{53.1622...
I've inserted a begin-math/end-math symbol since I think
you left one out. Proceed, with fingers crossed.

! Missing $ inserted.
<inserted text> 
                $
l.264          \makecell{32.005^*}
                                   & \makecell{5.63\%^*} & \makecell{53.1622...
I've inserted something that you may have forgotten.
(See the <inserted text> above.)
With luck, this will get me unwedged. But if you
really didn't forget anything, try typing `2' now; then
my insertion and my current dilemma will both disappear.

! Missing $ inserted.
<inserted text> 
                $
l.264 ...\makecell{32.005^*} & \makecell{5.63\%^*}
                                                   & \makecell{53.1622} & \m...
I've inserted a begin-math/end-math symbol since I think
you left one out. Proceed, with fingers crossed.

! Missing $ inserted.
<inserted text> 
                $
l.264 ...\makecell{32.005^*} & \makecell{5.63\%^*}
                                                   & \makecell{53.1622} & \m...
I've inserted something that you may have forgotten.
(See the <inserted text> above.)
With luck, this will get me unwedged. But if you
really didn't forget anything, try typing `2' now; then
my insertion and my current dilemma will both disappear.

! Missing $ inserted.
<inserted text> 
                $
l.266          \makecell{36.3405^*}
                                    & \makecell{1.02\%^*} & \makecell{80.997...
I've inserted a begin-math/end-math symbol since I think
you left one out. Proceed, with fingers crossed.

! Missing $ inserted.
<inserted text> 
                $
l.266          \makecell{36.3405^*}
                                    & \makecell{1.02\%^*} & \makecell{80.997...
I've inserted something that you may have forgotten.
(See the <inserted text> above.)
With luck, this will get me unwedged. But if you
really didn't forget anything, try typing `2' now; then
my insertion and my current dilemma will both disappear.

! Missing $ inserted.
<inserted text> 
                $
l.266 ...makecell{36.3405^*} & \makecell{1.02\%^*}
                                                   & \makecell{80.9979} & \m...
I've inserted a begin-math/end-math symbol since I think
you left one out. Proceed, with fingers crossed.

! Missing $ inserted.
<inserted text> 
                $
l.266 ...makecell{36.3405^*} & \makecell{1.02\%^*}
                                                   & \makecell{80.9979} & \m...
I've inserted something that you may have forgotten.
(See the <inserted text> above.)
With luck, this will get me unwedged. But if you
really didn't forget anything, try typing `2' now; then
my insertion and my current dilemma will both disappear.


LaTeX Warning: No positions in optional float specifier.
               Default added (so using `tbp') on input line 287.

[14 <./Experiment/room131_15.png>]
Underfull \hbox (badness 10000) in paragraph at lines 317--318

 []

Excluding 'comment' comment.
<Experiment/stack.JPG, id=74, 2234.3475pt x 2970.09625pt>
File: Experiment/stack.JPG Graphic file (type jpg)

<use Experiment/stack.JPG>
Package pdftex.def Info: Experiment/stack.JPG used on input line 340.
(pdftex.def)             Requested size: 144.5641pt x 192.15663pt.
 <Experiment/tube.JPG, id=75, 4047.12pt x 3035.34pt>
File: Experiment/tube.JPG Graphic file (type jpg)

<use Experiment/tube.JPG>
Package pdftex.def Info: Experiment/tube.JPG used on input line 347.
(pdftex.def)             Requested size: 144.5641pt x 108.37827pt.
 [15]) (./Analysis.tex [16 <./Experiment/stack.JPG> <./Experiment/tube.JPG>]
Chapter 4.

Underfull \hbox (badness 10000) in paragraph at lines 12--13

 []


Underfull \hbox (badness 10000) in paragraph at lines 19--21

 []

! Double subscript.
l.32 ...a t_\text{live}} \Big)}_\text{=constant} _
                                                  \text{background spectrum}
I treat `x_1_2' essentially like `x_1{}_2'.

[17

]
Underfull \hbox (badness 10000) in paragraph at lines 60--61

 []


Underfull \hbox (badness 10000) in paragraph at lines 90--91

 []

[18]
Underfull \hbox (badness 10000) in paragraph at lines 108--111

 []


Underfull \hbox (badness 10000) in paragraph at lines 122--124

 []

[19] <Analysis/_activity_193mPt_677.png, id=92, 462.528pt x 346.896pt>
File: Analysis/_activity_193mPt_677.png Graphic file (type png)

<use Analysis/_activity_193mPt_677.png>
Package pdftex.def Info: Analysis/_activity_193mPt_677.png used on input line 1
61.
(pdftex.def)             Requested size: 462.52686pt x 346.89514pt.

! Missing $ inserted.
<inserted text> 
                $
l.169 ...to add citation for each datapoint used.}
                                                  ; $^{\text{nat}}$Fe(d,x)$^...
I've inserted a begin-math/end-math symbol since I think
you left one out. Proceed, with fingers crossed.

! Missing $ inserted.
<inserted text> 
                $
l.169 ...to add citation for each datapoint used.}
                                                  ; $^{\text{nat}}$Fe(d,x)$^...
I've inserted a begin-math/end-math symbol since I think
you left one out. Proceed, with fingers crossed.


Underfull \hbox (badness 10000) in paragraph at lines 169--170

 []

[20 <./Analysis/_activity_193mPt_677.png>]
<Analysis/Ir_flux_distribution_B_+1_D_-2.png, id=97, 462.528pt x 346.896pt>
File: Analysis/Ir_flux_distribution_B_+1_D_-2.png Graphic file (type png)

<use Analysis/Ir_flux_distribution_B_+1_D_-2.png>
Package pdftex.def Info: Analysis/Ir_flux_distribution_B_+1_D_-2.png used on in
put line 198.
(pdftex.def)             Requested size: 462.52686pt x 346.89514pt.

Underfull \hbox (badness 10000) in paragraph at lines 205--207

 []

<Analysis/minimization_6_B_+2_D_+4,25.png, id=98, 462.528pt x 346.896pt>
File: Analysis/minimization_6_B_+2_D_+4,25.png Graphic file (type png)

<use Analysis/minimization_6_B_+2_D_+4,25.png>
Package pdftex.def Info: Analysis/minimization_6_B_+2_D_+4,25.png used on input
 line 218.
(pdftex.def)             Requested size: 462.52686pt x 346.89514pt.

! Undefined control sequence.
l.227     \subfloat
                   [Before variance minimization]{{\includegraphics[width=8c...
The control sequence at the end of the top line
of your error message was never \def'ed. If you have
misspelled it (e.g., `\hobx'), type `I' and the correct
spelling (e.g., `I\hbox'). Otherwise just continue,
and I'll forget about whatever was undefined.

<Analysis/B_0_D_0.png, id=99, 462.528pt x 346.896pt>
File: Analysis/B_0_D_0.png Graphic file (type png)

<use Analysis/B_0_D_0.png>
Package pdftex.def Info: Analysis/B_0_D_0.png used on input line 227.
(pdftex.def)             Requested size: 227.62204pt x 170.71628pt.

! Undefined control sequence.
l.229     \subfloat
                   [After variance minimization]{{\includegraphics[width=8cm...
The control sequence at the end of the top line
of your error message was never \def'ed. If you have
misspelled it (e.g., `\hobx'), type `I' and the correct
spelling (e.g., `I\hbox'). Otherwise just continue,
and I'll forget about whatever was undefined.

<Analysis/comp_compared_B_+2,25_D_+5.png, id=100, 462.528pt x 346.896pt>
File: Analysis/comp_compared_B_+2,25_D_+5.png Graphic file (type png)

<use Analysis/comp_compared_B_+2,25_D_+5.png>
Package pdftex.def Info: Analysis/comp_compared_B_+2,25_D_+5.png used on input 
line 229.
(pdftex.def)             Requested size: 227.62204pt x 170.71628pt.
 [21] [22 <./Analysis/Ir_flux_distribution_B_+1_D_-2.png>] [23 <./Analysis/mini
mization_6_B_+2_D_+4,25.png>]
[24 <./Analysis/B_0_D_0.png> <./Analysis/comp_compared_B_+2,25_D_+5.png>]
! Undefined control sequence.
l.244     \subfloat
                   []{{\includegraphics[width=5cm]{Analysis/Fe_56Co.png} }}%
The control sequence at the end of the top line
of your error message was never \def'ed. If you have
misspelled it (e.g., `\hobx'), type `I' and the correct
spelling (e.g., `I\hbox'). Otherwise just continue,
and I'll forget about whatever was undefined.

<Analysis/Fe_56Co.png, id=119, 462.528pt x 346.896pt>
File: Analysis/Fe_56Co.png Graphic file (type png)

<use Analysis/Fe_56Co.png>
Package pdftex.def Info: Analysis/Fe_56Co.png used on input line 244.
(pdftex.def)             Requested size: 142.26378pt x 106.70032pt.

! Undefined control sequence.
l.246     \subfloat
                   []{{\includegraphics[width=5cm]{Analysis/Ni_61Cu.png} }}%
The control sequence at the end of the top line
of your error message was never \def'ed. If you have
misspelled it (e.g., `\hobx'), type `I' and the correct
spelling (e.g., `I\hbox'). Otherwise just continue,
and I'll forget about whatever was undefined.

<Analysis/Ni_61Cu.png, id=120, 462.528pt x 346.896pt>
File: Analysis/Ni_61Cu.png Graphic file (type png)

<use Analysis/Ni_61Cu.png>
Package pdftex.def Info: Analysis/Ni_61Cu.png used on input line 246.
(pdftex.def)             Requested size: 142.26378pt x 106.70032pt.

! Undefined control sequence.
l.247     \subfloat
                   []{{\includegraphics[width=5cm]{Analysis/Ni_56Co.png} }}%
The control sequence at the end of the top line
of your error message was never \def'ed. If you have
misspelled it (e.g., `\hobx'), type `I' and the correct
spelling (e.g., `I\hbox'). Otherwise just continue,
and I'll forget about whatever was undefined.

<Analysis/Ni_56Co.png, id=121, 462.528pt x 346.896pt>
File: Analysis/Ni_56Co.png Graphic file (type png)

<use Analysis/Ni_56Co.png>
Package pdftex.def Info: Analysis/Ni_56Co.png used on input line 247.
(pdftex.def)             Requested size: 142.26378pt x 106.70032pt.

! Undefined control sequence.
l.249     \subfloat
                   []{{\includegraphics[width=5cm]{Analysis/Ni_58Co.png} }}%
The control sequence at the end of the top line
of your error message was never \def'ed. If you have
misspelled it (e.g., `\hobx'), type `I' and the correct
spelling (e.g., `I\hbox'). Otherwise just continue,
and I'll forget about whatever was undefined.

<Analysis/Ni_58Co.png, id=122, 462.528pt x 346.896pt>
File: Analysis/Ni_58Co.png Graphic file (type png)

<use Analysis/Ni_58Co.png>
Package pdftex.def Info: Analysis/Ni_58Co.png used on input line 249.
(pdftex.def)             Requested size: 142.26378pt x 106.70032pt.

! Undefined control sequence.
l.251     \subfloat
                   [caption]{{\includegraphics[width=5cm]{Analysis/Cu_62Zn.p...
The control sequence at the end of the top line
of your error message was never \def'ed. If you have
misspelled it (e.g., `\hobx'), type `I' and the correct
spelling (e.g., `I\hbox'). Otherwise just continue,
and I'll forget about whatever was undefined.

<Analysis/Cu_62Zn.png, id=123, 462.528pt x 346.896pt>
File: Analysis/Cu_62Zn.png Graphic file (type png)

<use Analysis/Cu_62Zn.png>
Package pdftex.def Info: Analysis/Cu_62Zn.png used on input line 251.
(pdftex.def)             Requested size: 142.26378pt x 106.70032pt.

! Undefined control sequence.
l.253     \subfloat
                   []{{\includegraphics[width=5cm]{Analysis/Cu_63Zn.png} }}%
The control sequence at the end of the top line
of your error message was never \def'ed. If you have
misspelled it (e.g., `\hobx'), type `I' and the correct
spelling (e.g., `I\hbox'). Otherwise just continue,
and I'll forget about whatever was undefined.

<Analysis/Cu_63Zn.png, id=124, 462.528pt x 346.896pt>
File: Analysis/Cu_63Zn.png Graphic file (type png)

<use Analysis/Cu_63Zn.png>
Package pdftex.def Info: Analysis/Cu_63Zn.png used on input line 253.
(pdftex.def)             Requested size: 142.26378pt x 106.70032pt.

! Undefined control sequence.
l.255     \subfloat
                   []{{\includegraphics[width=5cm]{Analysis/Cu_65Zn.png} }}%
The control sequence at the end of the top line
of your error message was never \def'ed. If you have
misspelled it (e.g., `\hobx'), type `I' and the correct
spelling (e.g., `I\hbox'). Otherwise just continue,
and I'll forget about whatever was undefined.

<Analysis/Cu_65Zn.png, id=125, 462.528pt x 346.896pt>
File: Analysis/Cu_65Zn.png Graphic file (type png)

<use Analysis/Cu_65Zn.png>
Package pdftex.def Info: Analysis/Cu_65Zn.png used on input line 255.
(pdftex.def)             Requested size: 142.26378pt x 106.70032pt.
) (./Results.tex [25 <./Analysis/Fe_56Co.png> <./Analysis/Ni_61Cu.png> <./Analy
sis/Ni_56Co.png> <./Analysis/Ni_58Co.png> <./Analysis/Cu_62Zn.png> <./Analysis/
Cu_63Zn.png> <./Analysis/Cu_65Zn.png>] [26

]
Chapter 5.
! Undefined control sequence.
l.11     \subfloat
                  []{{\includegraphics[width=5cm]{Results/Ir_188Pt.png}}%
The control sequence at the end of the top line
of your error message was never \def'ed. If you have
misspelled it (e.g., `\hobx'), type `I' and the correct
spelling (e.g., `I\hbox'). Otherwise just continue,
and I'll forget about whatever was undefined.

<Results/Ir_188Pt.png, id=140, 462.528pt x 346.896pt>
File: Results/Ir_188Pt.png Graphic file (type png)

<use Results/Ir_188Pt.png>
Package pdftex.def Info: Results/Ir_188Pt.png used on input line 11.
(pdftex.def)             Requested size: 142.26378pt x 106.70032pt.

! Undefined control sequence.
l.13     \subfloat
                  []{{\includegraphics[width=5cm]{Results/Ir_188Ir.png} }}%
The control sequence at the end of the top line
of your error message was never \def'ed. If you have
misspelled it (e.g., `\hobx'), type `I' and the correct
spelling (e.g., `I\hbox'). Otherwise just continue,
and I'll forget about whatever was undefined.

<Results/Ir_188Ir.png, id=141, 462.528pt x 346.896pt>
File: Results/Ir_188Ir.png Graphic file (type png)

<use Results/Ir_188Ir.png>
Package pdftex.def Info: Results/Ir_188Ir.png used on input line 13.
(pdftex.def)             Requested size: 142.26378pt x 106.70032pt.

! Undefined control sequence.
l.14     \subfloat
                  []{{\includegraphics[width=5cm]{Results/Ir_189Pt.png} }}%
The control sequence at the end of the top line
of your error message was never \def'ed. If you have
misspelled it (e.g., `\hobx'), type `I' and the correct
spelling (e.g., `I\hbox'). Otherwise just continue,
and I'll forget about whatever was undefined.

<Results/Ir_189Pt.png, id=142, 462.528pt x 346.896pt>
File: Results/Ir_189Pt.png Graphic file (type png)

<use Results/Ir_189Pt.png>
Package pdftex.def Info: Results/Ir_189Pt.png used on input line 14.
(pdftex.def)             Requested size: 142.26378pt x 106.70032pt.

! Undefined control sequence.
l.16     \subfloat
                  []{{\includegraphics[width=5cm]{Results/Ir_189Ir.png} }}%
The control sequence at the end of the top line
of your error message was never \def'ed. If you have
misspelled it (e.g., `\hobx'), type `I' and the correct
spelling (e.g., `I\hbox'). Otherwise just continue,
and I'll forget about whatever was undefined.

<Results/Ir_189Ir.png, id=143, 462.528pt x 346.896pt>
File: Results/Ir_189Ir.png Graphic file (type png)

<use Results/Ir_189Ir.png>
Package pdftex.def Info: Results/Ir_189Ir.png used on input line 16.
(pdftex.def)             Requested size: 142.26378pt x 106.70032pt.

! Undefined control sequence.
l.18     \subfloat
                  []{{\includegraphics[width=5cm]{Results/Ir_190Ir.png} }}%
The control sequence at the end of the top line
of your error message was never \def'ed. If you have
misspelled it (e.g., `\hobx'), type `I' and the correct
spelling (e.g., `I\hbox'). Otherwise just continue,
and I'll forget about whatever was undefined.

<Results/Ir_190Ir.png, id=144, 462.528pt x 346.896pt>
File: Results/Ir_190Ir.png Graphic file (type png)

<use Results/Ir_190Ir.png>
Package pdftex.def Info: Results/Ir_190Ir.png used on input line 18.
(pdftex.def)             Requested size: 142.26378pt x 106.70032pt.

! Undefined control sequence.
l.20     \subfloat
                  [caption]{{\includegraphics[width=5cm]{Results/Ir_191Pt.pn...
The control sequence at the end of the top line
of your error message was never \def'ed. If you have
misspelled it (e.g., `\hobx'), type `I' and the correct
spelling (e.g., `I\hbox'). Otherwise just continue,
and I'll forget about whatever was undefined.

<Results/Ir_191Pt.png, id=145, 462.528pt x 346.896pt>
File: Results/Ir_191Pt.png Graphic file (type png)

<use Results/Ir_191Pt.png>
Package pdftex.def Info: Results/Ir_191Pt.png used on input line 20.
(pdftex.def)             Requested size: 142.26378pt x 106.70032pt.

! Undefined control sequence.
l.22     \subfloat
                  []{{\includegraphics[width=5cm]{Results/Ir_192Ir.png} }}%
The control sequence at the end of the top line
of your error message was never \def'ed. If you have
misspelled it (e.g., `\hobx'), type `I' and the correct
spelling (e.g., `I\hbox'). Otherwise just continue,
and I'll forget about whatever was undefined.

<Results/Ir_192Ir.png, id=146, 462.528pt x 346.896pt>
File: Results/Ir_192Ir.png Graphic file (type png)

<use Results/Ir_192Ir.png>
Package pdftex.def Info: Results/Ir_192Ir.png used on input line 22.
(pdftex.def)             Requested size: 142.26378pt x 106.70032pt.

! Undefined control sequence.
l.24     \subfloat
                  []{{\includegraphics[width=5cm]{Results/Ir_193mPt.png} }}%
The control sequence at the end of the top line
of your error message was never \def'ed. If you have
misspelled it (e.g., `\hobx'), type `I' and the correct
spelling (e.g., `I\hbox'). Otherwise just continue,
and I'll forget about whatever was undefined.

<Results/Ir_193mPt.png, id=147, 462.528pt x 346.896pt>
File: Results/Ir_193mPt.png Graphic file (type png)

<use Results/Ir_193mPt.png>
Package pdftex.def Info: Results/Ir_193mPt.png used on input line 24.
(pdftex.def)             Requested size: 142.26378pt x 106.70032pt.

! Undefined control sequence.
l.26     \subfloat
                  []{{\includegraphics[width=5cm]{Results/Ir_194Ir.png} }}%
The control sequence at the end of the top line
of your error message was never \def'ed. If you have
misspelled it (e.g., `\hobx'), type `I' and the correct
spelling (e.g., `I\hbox'). Otherwise just continue,
and I'll forget about whatever was undefined.

<Results/Ir_194Ir.png, id=148, 462.528pt x 346.896pt>
File: Results/Ir_194Ir.png Graphic file (type png)

<use Results/Ir_194Ir.png>
Package pdftex.def Info: Results/Ir_194Ir.png used on input line 26.
(pdftex.def)             Requested size: 142.26378pt x 106.70032pt.

! Undefined control sequence.
l.28     \subfloat
                  []{{\includegraphics[width=5cm]{Results/Ir_194m2Ir.png} }}%
The control sequence at the end of the top line
of your error message was never \def'ed. If you have
misspelled it (e.g., `\hobx'), type `I' and the correct
spelling (e.g., `I\hbox'). Otherwise just continue,
and I'll forget about whatever was undefined.

<Results/Ir_194m2Ir.png, id=149, 462.528pt x 346.896pt>
File: Results/Ir_194m2Ir.png Graphic file (type png)

<use Results/Ir_194m2Ir.png>
Package pdftex.def Info: Results/Ir_194m2Ir.png used on input line 28.
(pdftex.def)             Requested size: 142.26378pt x 106.70032pt.

! Missing } inserted.
<inserted text> 
                }
l.32 \end{figure}
                 
I've inserted something that you may have forgotten.
(See the <inserted text> above.)
With luck, this will get me unwedged. But if you
really didn't forget anything, try typing `2' now; then
my insertion and my current dilemma will both disappear.

! Undefined control sequence.
l.38     \subfloat
                  []{{\includegraphics[width=5cm]{Results/Ni_52Mn.png}}%
The control sequence at the end of the top line
of your error message was never \def'ed. If you have
misspelled it (e.g., `\hobx'), type `I' and the correct
spelling (e.g., `I\hbox'). Otherwise just continue,
and I'll forget about whatever was undefined.

<Results/Ni_52Mn.png, id=150, 462.528pt x 346.896pt>
File: Results/Ni_52Mn.png Graphic file (type png)
 <use Results/Ni_52Mn.png>
Package pdftex.def Info: Results/Ni_52Mn.png used on input line 38.
(pdftex.def)             Requested size: 142.26378pt x 106.70032pt.

! Undefined control sequence.
l.40     \subfloat
                  []{{\includegraphics[width=5cm]{Results/Ni_54Mn.png} }}%
The control sequence at the end of the top line
of your error message was never \def'ed. If you have
misspelled it (e.g., `\hobx'), type `I' and the correct
spelling (e.g., `I\hbox'). Otherwise just continue,
and I'll forget about whatever was undefined.

<Results/Ni_54Mn.png, id=151, 462.528pt x 346.896pt>
File: Results/Ni_54Mn.png Graphic file (type png)
 <use Results/Ni_54Mn.png>
Package pdftex.def Info: Results/Ni_54Mn.png used on input line 40.
(pdftex.def)             Requested size: 142.26378pt x 106.70032pt.

! Undefined control sequence.
l.41     \subfloat
                  []{{\includegraphics[width=5cm]{Results/Ni_59Fe.png} }}%
The control sequence at the end of the top line
of your error message was never \def'ed. If you have
misspelled it (e.g., `\hobx'), type `I' and the correct
spelling (e.g., `I\hbox'). Otherwise just continue,
and I'll forget about whatever was undefined.

<Results/Ni_59Fe.png, id=152, 462.528pt x 346.896pt>
File: Results/Ni_59Fe.png Graphic file (type png)
 <use Results/Ni_59Fe.png>
Package pdftex.def Info: Results/Ni_59Fe.png used on input line 41.
(pdftex.def)             Requested size: 142.26378pt x 106.70032pt.

! Undefined control sequence.
l.43     \subfloat
                  []{{\includegraphics[width=5cm]{Results/Ni_60Cu.png} }}%
The control sequence at the end of the top line
of your error message was never \def'ed. If you have
misspelled it (e.g., `\hobx'), type `I' and the correct
spelling (e.g., `I\hbox'). Otherwise just continue,
and I'll forget about whatever was undefined.

<Results/Ni_60Cu.png, id=153, 462.528pt x 346.896pt>
File: Results/Ni_60Cu.png Graphic file (type png)
 <use Results/Ni_60Cu.png>
Package pdftex.def Info: Results/Ni_60Cu.png used on input line 43.
(pdftex.def)             Requested size: 142.26378pt x 106.70032pt.

! Undefined control sequence.
l.45     \subfloat
                  []{{\includegraphics[width=5cm]{Results/Ni_64Cu.png} }}%
The control sequence at the end of the top line
of your error message was never \def'ed. If you have
misspelled it (e.g., `\hobx'), type `I' and the correct
spelling (e.g., `I\hbox'). Otherwise just continue,
and I'll forget about whatever was undefined.

<Results/Ni_64Cu.png, id=154, 462.528pt x 346.896pt>
File: Results/Ni_64Cu.png Graphic file (type png)
 <use Results/Ni_64Cu.png>
Package pdftex.def Info: Results/Ni_64Cu.png used on input line 45.
(pdftex.def)             Requested size: 142.26378pt x 106.70032pt.

! Undefined control sequence.
l.47     \subfloat
                  [caption]{{\includegraphics[width=5cm]{Results/Ni_60Co.png...
The control sequence at the end of the top line
of your error message was never \def'ed. If you have
misspelled it (e.g., `\hobx'), type `I' and the correct
spelling (e.g., `I\hbox'). Otherwise just continue,
and I'll forget about whatever was undefined.

<Results/Ni_60Co.png, id=155, 462.528pt x 346.896pt>
File: Results/Ni_60Co.png Graphic file (type png)
 <use Results/Ni_60Co.png>
Package pdftex.def Info: Results/Ni_60Co.png used on input line 47.
(pdftex.def)             Requested size: 142.26378pt x 106.70032pt.

! Undefined control sequence.
l.49     \subfloat
                  []{{\includegraphics[width=5cm]{Results/Ni_65Ni.png} }}%
The control sequence at the end of the top line
of your error message was never \def'ed. If you have
misspelled it (e.g., `\hobx'), type `I' and the correct
spelling (e.g., `I\hbox'). Otherwise just continue,
and I'll forget about whatever was undefined.

<Results/Ni_65Ni.png, id=156, 462.528pt x 346.896pt>
File: Results/Ni_65Ni.png Graphic file (type png)
 <use Results/Ni_65Ni.png>
Package pdftex.def Info: Results/Ni_65Ni.png used on input line 49.
(pdftex.def)             Requested size: 142.26378pt x 106.70032pt.

! Undefined control sequence.
l.51     \subfloat
                  []{{\includegraphics[width=5cm]{Results/Ni_56Ni.png} }}%
The control sequence at the end of the top line
of your error message was never \def'ed. If you have
misspelled it (e.g., `\hobx'), type `I' and the correct
spelling (e.g., `I\hbox'). Otherwise just continue,
and I'll forget about whatever was undefined.

<Results/Ni_56Ni.png, id=157, 462.528pt x 346.896pt>
File: Results/Ni_56Ni.png Graphic file (type png)
 <use Results/Ni_56Ni.png>
Package pdftex.def Info: Results/Ni_56Ni.png used on input line 51.
(pdftex.def)             Requested size: 142.26378pt x 106.70032pt.

! Undefined control sequence.
l.53     \subfloat
                  []{{\includegraphics[width=5cm]{Results/Ni_55Co.png} }}%
The control sequence at the end of the top line
of your error message was never \def'ed. If you have
misspelled it (e.g., `\hobx'), type `I' and the correct
spelling (e.g., `I\hbox'). Otherwise just continue,
and I'll forget about whatever was undefined.

<Results/Ni_55Co.png, id=158, 462.528pt x 346.896pt>
File: Results/Ni_55Co.png Graphic file (type png)
 <use Results/Ni_55Co.png>
Package pdftex.def Info: Results/Ni_55Co.png used on input line 53.
(pdftex.def)             Requested size: 142.26378pt x 106.70032pt.

! Undefined control sequence.
l.55     \subfloat
                  []{{\includegraphics[width=5cm]{Results/Ni_56Mn.png} }}%
The control sequence at the end of the top line
of your error message was never \def'ed. If you have
misspelled it (e.g., `\hobx'), type `I' and the correct
spelling (e.g., `I\hbox'). Otherwise just continue,
and I'll forget about whatever was undefined.

<Results/Ni_56Mn.png, id=159, 462.528pt x 346.896pt>
File: Results/Ni_56Mn.png Graphic file (type png)
 <use Results/Ni_56Mn.png>
Package pdftex.def Info: Results/Ni_56Mn.png used on input line 55.
(pdftex.def)             Requested size: 142.26378pt x 106.70032pt.

! Undefined control sequence.
l.57     \subfloat
                  []{{\includegraphics[width=5cm]{Results/Ni_57Ni.png} }}%
The control sequence at the end of the top line
of your error message was never \def'ed. If you have
misspelled it (e.g., `\hobx'), type `I' and the correct
spelling (e.g., `I\hbox'). Otherwise just continue,
and I'll forget about whatever was undefined.

<Results/Ni_57Ni.png, id=160, 462.528pt x 346.896pt>
File: Results/Ni_57Ni.png Graphic file (type png)
 <use Results/Ni_57Ni.png>
Package pdftex.def Info: Results/Ni_57Ni.png used on input line 57.
(pdftex.def)             Requested size: 142.26378pt x 106.70032pt.

! Missing } inserted.
<inserted text> 
                }
l.61 \end{figure}
                 
I've inserted something that you may have forgotten.
(See the <inserted text> above.)
With luck, this will get me unwedged. But if you
really didn't forget anything, try typing `2' now; then
my insertion and my current dilemma will both disappear.

! Undefined control sequence.
l.67     \subfloat
                  []{{\includegraphics[width=5cm]{Results/Cu_59Fe.png}}%
The control sequence at the end of the top line
of your error message was never \def'ed. If you have
misspelled it (e.g., `\hobx'), type `I' and the correct
spelling (e.g., `I\hbox'). Otherwise just continue,
and I'll forget about whatever was undefined.

<Results/Cu_59Fe.png, id=161, 462.528pt x 346.896pt>
File: Results/Cu_59Fe.png Graphic file (type png)
 <use Results/Cu_59Fe.png>
Package pdftex.def Info: Results/Cu_59Fe.png used on input line 67.
(pdftex.def)             Requested size: 142.26378pt x 106.70032pt.

! Undefined control sequence.
l.69     \subfloat
                  []{{\includegraphics[width=5cm]{Results/Cu_60Co.png} }}%
The control sequence at the end of the top line
of your error message was never \def'ed. If you have
misspelled it (e.g., `\hobx'), type `I' and the correct
spelling (e.g., `I\hbox'). Otherwise just continue,
and I'll forget about whatever was undefined.

<Results/Cu_60Co.png, id=162, 462.528pt x 346.896pt>
File: Results/Cu_60Co.png Graphic file (type png)
 <use Results/Cu_60Co.png>
Package pdftex.def Info: Results/Cu_60Co.png used on input line 69.
(pdftex.def)             Requested size: 142.26378pt x 106.70032pt.

! Undefined control sequence.
l.70     \subfloat
                  []{{\includegraphics[width=5cm]{Results/Cu_61Co.png} }}%
The control sequence at the end of the top line
of your error message was never \def'ed. If you have
misspelled it (e.g., `\hobx'), type `I' and the correct
spelling (e.g., `I\hbox'). Otherwise just continue,
and I'll forget about whatever was undefined.

<Results/Cu_61Co.png, id=163, 462.528pt x 346.896pt>
File: Results/Cu_61Co.png Graphic file (type png)
 <use Results/Cu_61Co.png>
Package pdftex.def Info: Results/Cu_61Co.png used on input line 70.
(pdftex.def)             Requested size: 142.26378pt x 106.70032pt.

! Undefined control sequence.
l.72     \subfloat
                  []{{\includegraphics[width=5cm]{Results/Cu_61Cu.png} }}%
The control sequence at the end of the top line
of your error message was never \def'ed. If you have
misspelled it (e.g., `\hobx'), type `I' and the correct
spelling (e.g., `I\hbox'). Otherwise just continue,
and I'll forget about whatever was undefined.

<Results/Cu_61Cu.png, id=164, 462.528pt x 346.896pt>
File: Results/Cu_61Cu.png Graphic file (type png)
 <use Results/Cu_61Cu.png>
Package pdftex.def Info: Results/Cu_61Cu.png used on input line 72.
(pdftex.def)             Requested size: 142.26378pt x 106.70032pt.

! Undefined control sequence.
l.74     \subfloat
                  []{{\includegraphics[width=5cm]{Results/Cu_64Cu.png} }}%
The control sequence at the end of the top line
of your error message was never \def'ed. If you have
misspelled it (e.g., `\hobx'), type `I' and the correct
spelling (e.g., `I\hbox'). Otherwise just continue,
and I'll forget about whatever was undefined.

<Results/Cu_64Cu.png, id=165, 462.528pt x 346.896pt>
File: Results/Cu_64Cu.png Graphic file (type png)
 <use Results/Cu_64Cu.png>
Package pdftex.def Info: Results/Cu_64Cu.png used on input line 74.
(pdftex.def)             Requested size: 142.26378pt x 106.70032pt.

! Undefined control sequence.
l.76     \subfloat
                  [caption]{{\includegraphics[width=5cm]{Results/Cu_65Ni.png...
The control sequence at the end of the top line
of your error message was never \def'ed. If you have
misspelled it (e.g., `\hobx'), type `I' and the correct
spelling (e.g., `I\hbox'). Otherwise just continue,
and I'll forget about whatever was undefined.

<Results/Cu_65Ni.png, id=166, 462.528pt x 346.896pt>
File: Results/Cu_65Ni.png Graphic file (type png)
 <use Results/Cu_65Ni.png>
Package pdftex.def Info: Results/Cu_65Ni.png used on input line 76.
(pdftex.def)             Requested size: 142.26378pt x 106.70032pt.

! Missing } inserted.
<inserted text> 
                }
l.80 \end{figure}
                 
I've inserted something that you may have forgotten.
(See the <inserted text> above.)
With luck, this will get me unwedged. But if you
really didn't forget anything, try typing `2' now; then
my insertion and my current dilemma will both disappear.

! Undefined control sequence.
l.86     \subfloat
                  []{{\includegraphics[width=5cm]{Results/Fe_48V.png}}%
The control sequence at the end of the top line
of your error message was never \def'ed. If you have
misspelled it (e.g., `\hobx'), type `I' and the correct
spelling (e.g., `I\hbox'). Otherwise just continue,
and I'll forget about whatever was undefined.

<Results/Fe_48V.png, id=167, 462.528pt x 346.896pt>
File: Results/Fe_48V.png Graphic file (type png)
 <use Results/Fe_48V.png>
Package pdftex.def Info: Results/Fe_48V.png used on input line 86.
(pdftex.def)             Requested size: 142.26378pt x 106.70032pt.

! Undefined control sequence.
l.88     \subfloat
                  []{{\includegraphics[width=5cm]{Results/Fe_51Cr.png} }}%
The control sequence at the end of the top line
of your error message was never \def'ed. If you have
misspelled it (e.g., `\hobx'), type `I' and the correct
spelling (e.g., `I\hbox'). Otherwise just continue,
and I'll forget about whatever was undefined.

<Results/Fe_51Cr.png, id=168, 462.528pt x 346.896pt>
File: Results/Fe_51Cr.png Graphic file (type png)
 <use Results/Fe_51Cr.png>
Package pdftex.def Info: Results/Fe_51Cr.png used on input line 88.
(pdftex.def)             Requested size: 142.26378pt x 106.70032pt.

! Undefined control sequence.
l.89     \subfloat
                  []{{\includegraphics[width=5cm]{Results/Fe_52Mn.png} }}%
The control sequence at the end of the top line
of your error message was never \def'ed. If you have
misspelled it (e.g., `\hobx'), type `I' and the correct
spelling (e.g., `I\hbox'). Otherwise just continue,
and I'll forget about whatever was undefined.

<Results/Fe_52Mn.png, id=169, 462.528pt x 346.896pt>
File: Results/Fe_52Mn.png Graphic file (type png)
 <use Results/Fe_52Mn.png>
Package pdftex.def Info: Results/Fe_52Mn.png used on input line 89.
(pdftex.def)             Requested size: 142.26378pt x 106.70032pt.

! Undefined control sequence.
l.91     \subfloat
                  []{{\includegraphics[width=5cm]{Results/Fe_53Fe.png} }}%
The control sequence at the end of the top line
of your error message was never \def'ed. If you have
misspelled it (e.g., `\hobx'), type `I' and the correct
spelling (e.g., `I\hbox'). Otherwise just continue,
and I'll forget about whatever was undefined.

<Results/Fe_53Fe.png, id=170, 462.528pt x 346.896pt>
File: Results/Fe_53Fe.png Graphic file (type png)
 <use Results/Fe_53Fe.png>
Package pdftex.def Info: Results/Fe_53Fe.png used on input line 91.
(pdftex.def)             Requested size: 142.26378pt x 106.70032pt.

! Undefined control sequence.
l.93     \subfloat
                  []{{\includegraphics[width=5cm]{Results/Fe_54Mn.png} }}%
The control sequence at the end of the top line
of your error message was never \def'ed. If you have
misspelled it (e.g., `\hobx'), type `I' and the correct
spelling (e.g., `I\hbox'). Otherwise just continue,
and I'll forget about whatever was undefined.

<Results/Fe_54Mn.png, id=171, 462.528pt x 346.896pt>
File: Results/Fe_54Mn.png Graphic file (type png)
 <use Results/Fe_54Mn.png>
Package pdftex.def Info: Results/Fe_54Mn.png used on input line 93.
(pdftex.def)             Requested size: 142.26378pt x 106.70032pt.

! Undefined control sequence.
l.95     \subfloat
                  [caption]{{\includegraphics[width=5cm]{Results/Fe_55Co.png...
The control sequence at the end of the top line
of your error message was never \def'ed. If you have
misspelled it (e.g., `\hobx'), type `I' and the correct
spelling (e.g., `I\hbox'). Otherwise just continue,
and I'll forget about whatever was undefined.

<Results/Fe_55Co.png, id=172, 462.528pt x 346.896pt>
File: Results/Fe_55Co.png Graphic file (type png)
 <use Results/Fe_55Co.png>
Package pdftex.def Info: Results/Fe_55Co.png used on input line 95.
(pdftex.def)             Requested size: 142.26378pt x 106.70032pt.

! Undefined control sequence.
l.97     \subfloat
                  [caption]{{\includegraphics[width=5cm]{Results/Fe_57Co.png...
The control sequence at the end of the top line
of your error message was never \def'ed. If you have
misspelled it (e.g., `\hobx'), type `I' and the correct
spelling (e.g., `I\hbox'). Otherwise just continue,
and I'll forget about whatever was undefined.

<Results/Fe_57Co.png, id=173, 462.528pt x 346.896pt>
File: Results/Fe_57Co.png Graphic file (type png)
 <use Results/Fe_57Co.png>
Package pdftex.def Info: Results/Fe_57Co.png used on input line 97.
(pdftex.def)             Requested size: 142.26378pt x 106.70032pt.

! Undefined control sequence.
l.99     \subfloat
                  [caption]{{\includegraphics[width=5cm]{Results/Fe_58Co.png...
The control sequence at the end of the top line
of your error message was never \def'ed. If you have
misspelled it (e.g., `\hobx'), type `I' and the correct
spelling (e.g., `I\hbox'). Otherwise just continue,
and I'll forget about whatever was undefined.

<Results/Fe_58Co.png, id=174, 462.528pt x 346.896pt>
File: Results/Fe_58Co.png Graphic file (type png)
 <use Results/Fe_58Co.png>
Package pdftex.def Info: Results/Fe_58Co.png used on input line 99.
(pdftex.def)             Requested size: 142.26378pt x 106.70032pt.

! Undefined control sequence.
l.101     \subfloat
                   [caption]{{\includegraphics[width=5cm]{Results/Fe_59Fe.pn...
The control sequence at the end of the top line
of your error message was never \def'ed. If you have
misspelled it (e.g., `\hobx'), type `I' and the correct
spelling (e.g., `I\hbox'). Otherwise just continue,
and I'll forget about whatever was undefined.

<Results/Fe_59Fe.png, id=175, 462.528pt x 346.896pt>
File: Results/Fe_59Fe.png Graphic file (type png)
 <use Results/Fe_59Fe.png>
Package pdftex.def Info: Results/Fe_59Fe.png used on input line 101.
(pdftex.def)             Requested size: 142.26378pt x 106.70032pt.

! Missing } inserted.
<inserted text> 
                }
l.105 \end{figure}
                  
I've inserted something that you may have forgotten.
(See the <inserted text> above.)
With luck, this will get me unwedged. But if you
really didn't forget anything, try typing `2' now; then
my insertion and my current dilemma will both disappear.

) (./Discussion.tex [27] [28 <./Results/Ir_188Pt.png> <./Results/Ir_188Ir.png> 
<./Results/Ir_189Pt.png> <./Results/Ir_189Ir.png> <./Results/Ir_190Ir.png> <./R
esults/Ir_191Pt.png> <./Results/Ir_192Ir.png> <./Results/Ir_193mPt.png> <./Resu
lts/Ir_194Ir.png> <./Results/Ir_194m2Ir.png>] [29 <./Results/Ni_52Mn.png> <./Re
sults/Ni_54Mn.png> <./Results/Ni_59Fe.png> <./Results/Ni_60Cu.png> <./Results/N
i_64Cu.png> <./Results/Ni_60Co.png> <./Results/Ni_65Ni.png> <./Results/Ni_56Ni.
png> <./Results/Ni_55Co.png> <./Results/Ni_56Mn.png> <./Results/Ni_57Ni.png>]
[30 <./Results/Cu_59Fe.png> <./Results/Cu_60Co.png> <./Results/Cu_61Co.png> <./
Results/Cu_61Cu.png> <./Results/Cu_64Cu.png> <./Results/Cu_65Ni.png>] [31 <./Re
sults/Fe_48V.png> <./Results/Fe_51Cr.png> <./Results/Fe_52Mn.png> <./Results/Fe
_53Fe.png> <./Results/Fe_54Mn.png> <./Results/Fe_55Co.png> <./Results/Fe_57Co.p
ng> <./Results/Fe_58Co.png> <./Results/Fe_59Fe.png>] [32

]
Chapter 6.
) (./Conclusion.tex [33] [34

]
Chapter 7.
) [35] (./main.aux)

LaTeX Warning: There were undefined references.


LaTeX Warning: There were multiply-defined labels.

 ) 
Here is how much of TeX's memory you used:
 6447 strings out of 493089
 94281 string characters out of 6134843
 205567 words of memory out of 5000000
 9762 multiletter control sequences out of 15000+600000
 14626 words of font info for 52 fonts, out of 8000000 for 9000
 1141 hyphenation exceptions out of 8191
 38i,17n,43p,2007b,497s stack positions out of 5000i,500n,10000p,200000b,80000s
</usr/local/texlive/2015/texmf-dist/fonts/type1/public/amsfonts/cm/cmbx10.pfb
></usr/local/texlive/2015/texmf-dist/fonts/type1/public/amsfonts/cm/cmbx12.pfb>
</usr/local/texlive/2015/texmf-dist/fonts/type1/public/amsfonts/cm/cmex10.pfb><
/usr/local/texlive/2015/texmf-dist/fonts/type1/public/amsfonts/cmextra/cmex8.pf
b></usr/local/texlive/2015/texmf-dist/fonts/type1/public/amsfonts/cm/cmmi10.pfb
></usr/local/texlive/2015/texmf-dist/fonts/type1/public/amsfonts/cm/cmmi6.pfb><
/usr/local/texlive/2015/texmf-dist/fonts/type1/public/amsfonts/cm/cmmi8.pfb></u
sr/local/texlive/2015/texmf-dist/fonts/type1/public/amsfonts/cm/cmmi9.pfb></usr
/local/texlive/2015/texmf-dist/fonts/type1/public/amsfonts/cm/cmr10.pfb></usr/l
ocal/texlive/2015/texmf-dist/fonts/type1/public/amsfonts/cm/cmr12.pfb></usr/loc
al/texlive/2015/texmf-dist/fonts/type1/public/amsfonts/cm/cmr17.pfb></usr/local
/texlive/2015/texmf-dist/fonts/type1/public/amsfonts/cm/cmr6.pfb></usr/local/te
xlive/2015/texmf-dist/fonts/type1/public/amsfonts/cm/cmr7.pfb></usr/local/texli
ve/2015/texmf-dist/fonts/type1/public/amsfonts/cm/cmr8.pfb></usr/local/texlive/
2015/texmf-dist/fonts/type1/public/amsfonts/cm/cmr9.pfb></usr/local/texlive/201
5/texmf-dist/fonts/type1/public/amsfonts/cm/cmsy10.pfb></usr/local/texlive/2015
/texmf-dist/fonts/type1/public/amsfonts/cm/cmsy6.pfb></usr/local/texlive/2015/t
exmf-dist/fonts/type1/public/amsfonts/cm/cmsy8.pfb></usr/local/texlive/2015/tex
mf-dist/fonts/type1/public/amsfonts/cm/cmti10.pfb>
Output written on main.pdf (35 pages, 15898260 bytes).
PDF statistics:
 301 PDF objects out of 1000 (max. 8388607)
 136 compressed objects within 2 object streams
 0 named destinations out of 1000 (max. 500000)
 276 words of extra memory for PDF output out of 10000 (max. 10000000)

